[2016-09-29 21:31:12] START
[2016-09-29 21:31:12] EDIT a5s/controllers/default.py: 11
[2016-09-29 22:27:13] EDIT a5s/controllers/default.py: 0
[2016-09-29 22:33:18] EDIT a5s/views/index.html: 2
[2016-09-29 22:34:09] EDIT a5s/views/index.html: 2
[2016-09-29 22:34:50] EDIT a5s/views/index.html: -1
[2016-09-29 22:35:19] EDIT a5s/controllers/default.py: -11
[2016-09-29 22:35:38] EDIT a5s/views/index.html: 1
[2016-09-29 22:36:03] EDIT a5s/controllers/default.py: 0
[2016-09-29 22:45:09] EDIT a5s/controllers/default.py: 0
[2016-09-29 22:45:30] EDIT a5s/controllers/default.py: 0
[2016-09-29 22:45:36] EDIT a5s/controllers/default.py: 0
[2016-09-29 22:48:00] EDIT a5s/controllers/default.py: 0
[2016-09-30 12:15:50] EDIT a5s/controllers/default.py: 3
[2016-09-30 12:15:53] EDIT a5s/controllers/default.py: 0
[2016-09-30 12:16:37] EDIT a5s/controllers/default.py: 0
[2016-09-30 12:17:07] EDIT a5s/controllers/default.py: 0
[2016-09-30 12:21:15] EDIT a5s/controllers/default.py: 1
[2016-09-30 12:21:41] EDIT a5s/controllers/default.py: 0
[2016-09-30 12:22:23] EDIT a5s/controllers/default.py: 0
[2016-09-30 12:25:07] EDIT a5s/controllers/default.py: 1
[2016-09-30 12:25:14] EDIT a5s/controllers/default.py: 0
[2016-09-30 12:27:04] EDIT a5s/controllers/default.py: 0
[2016-09-30 12:28:44] EDIT a5s/controllers/default.py: 0
[2016-09-30 12:28:46] EDIT a5s/controllers/default.py: 0
[2016-09-30 12:29:05] EDIT a5s/controllers/default.py: 0
[2016-09-30 12:29:33] EDIT a5s/controllers/default.py: 0
[2016-09-30 12:29:56] EDIT a5s/controllers/default.py: 0
[2016-09-30 12:30:16] EDIT a5s/controllers/default.py: 0
[2016-09-30 12:31:47] EDIT a5s/controllers/default.py: -1
[2016-09-30 12:53:45] EDIT a5s/controllers/default.py: -1
[2016-09-30 12:56:28] EDIT a5s/controllers/default.py: 1
[2016-09-30 12:57:01] EDIT a5s/controllers/default.py: 0
[2016-09-30 12:57:36] EDIT a5s/controllers/default.py: 0
[2016-09-30 12:58:28] EDIT a5s/controllers/default.py: 0
[2016-09-30 13:01:12] EDIT a5s/controllers/default.py: 1
[2016-09-30 13:01:14] EDIT a5s/controllers/default.py: 0
[2016-09-30 13:04:28] EDIT a5s/controllers/default.py: 0
[2016-09-30 13:07:13] EDIT a5s/controllers/default.py: 1
[2016-09-30 13:12:14] EDIT a5s/controllers/default.py: -2
[2016-09-30 13:12:48] EDIT a5s/controllers/default.py: 0
[2016-09-30 13:13:16] EDIT a5s/controllers/default.py: 0
[2016-09-30 13:13:36] EDIT a5s/controllers/default.py: 0
[2016-09-30 13:15:08] EDIT a5s/controllers/default.py: 0
[2016-09-30 13:19:15] EDIT a5s/controllers/default.py: 0
[2016-09-30 13:21:22] EDIT a5s/controllers/default.py: 0
[2016-09-30 13:23:59] EDIT a5s/controllers/default.py: 0
[2016-09-30 13:24:55] EDIT a5s/controllers/default.py: 0
[2016-09-30 13:28:35] EDIT a5s/controllers/default.py: 0
[2016-09-30 13:29:30] EDIT a5s/controllers/default.py: 1
[2016-09-30 13:29:57] EDIT a5s/controllers/default.py: 0
[2016-09-30 13:30:38] EDIT a5s/controllers/default.py: 0
[2016-09-30 13:31:16] EDIT a5s/controllers/default.py: 0
[2016-09-30 13:31:48] EDIT a5s/controllers/default.py: 0
[2016-09-30 13:33:07] EDIT a5s/controllers/default.py: 1
[2016-09-30 13:33:45] EDIT a5s/controllers/default.py: 1
[2016-09-30 13:39:24] EDIT a5s/controllers/default.py: 0
[2016-09-30 13:41:05] EDIT a5s/controllers/default.py: 0
[2016-09-30 13:41:27] EDIT a5s/controllers/default.py: 0
[2016-09-30 13:41:47] EDIT a5s/controllers/default.py: 0
[2016-09-30 13:42:40] EDIT a5s/controllers/default.py: -2
[2016-09-30 13:46:20] EDIT a5s/controllers/default.py: 0
[2016-09-30 13:46:22] EDIT a5s/controllers/default.py: 0
[2016-09-30 13:47:58] EDIT a5s/controllers/default.py: 0
[2016-09-30 13:49:04] EDIT a5s/controllers/default.py: 0
[2016-09-30 13:49:48] EDIT a5s/controllers/default.py: -1
[2016-09-30 13:52:49] EDIT a5s/controllers/default.py: 0
[2016-09-30 14:02:36] EDIT a5s/controllers/default.py: 5
[2016-09-30 14:02:57] EDIT a5s/controllers/default.py: 0
[2016-09-30 14:03:22] EDIT a5s/controllers/default.py: -6
[2016-09-30 14:03:57] EDIT a5s/controllers/default.py: -1
[2016-09-30 14:09:39] EDIT a5s/controllers/default.py: 0
[2016-09-30 14:12:10] EDIT a5s/controllers/default.py: 0
[2016-09-30 14:13:29] EDIT a5s/controllers/default.py: 0
[2016-09-30 14:13:31] EDIT a5s/controllers/default.py: 0
[2016-09-30 14:19:32] EDIT a5s/controllers/default.py: 0
[2016-09-30 14:19:58] EDIT a5s/controllers/default.py: 0
[2016-09-30 14:33:05] EDIT a5s/controllers/default.py: 1
[2016-09-30 14:33:33] EDIT a5s/controllers/default.py: 0
[2016-09-30 20:19:44] EDIT a5s/controllers/default.py: 0
[2016-09-30 20:21:19] EDIT a5s/controllers/default.py: 0
[2016-09-30 20:27:28] EDIT a5s/controllers/default.py: 0
[2016-09-30 20:27:36] EDIT a5s/controllers/default.py: 0
[2016-09-30 21:01:43] EDIT a5s/controllers/default.py: 0
[2016-09-30 21:02:11] EDIT a5s/controllers/default.py: 0
[2016-09-30 21:06:49] EDIT a5s/controllers/default.py: 0
[2016-09-30 21:07:00] EDIT a5s/controllers/default.py: 0
[2016-09-30 21:07:09] EDIT a5s/controllers/default.py: 0
[2016-09-30 21:07:33] EDIT a5s/controllers/default.py: 0
[2016-09-30 21:08:35] EDIT a5s/controllers/default.py: 0
[2016-09-30 21:08:49] EDIT a5s/controllers/default.py: 0
[2016-09-30 21:10:09] EDIT a5s/controllers/default.py: 0
[2016-09-30 21:10:12] EDIT a5s/controllers/default.py: 0
[2016-09-30 21:10:30] EDIT a5s/controllers/default.py: 0
[2016-09-30 21:10:51] EDIT a5s/controllers/default.py: 0
[2016-09-30 21:11:45] EDIT a5s/controllers/default.py: 0
[2016-09-30 22:02:11] EDIT a5s/controllers/default.py: 0
[2016-09-30 22:02:25] EDIT a5s/controllers/default.py: 0
[2016-09-30 22:02:38] EDIT a5s/controllers/default.py: 0
[2016-09-30 22:02:49] EDIT a5s/controllers/default.py: 0
[2016-09-30 22:03:04] EDIT a5s/controllers/default.py: 0
[2016-09-30 22:03:11] EDIT a5s/controllers/default.py: 0
[2016-09-30 22:10:31] EDIT a5s/controllers/default.py: 0
[2016-09-30 22:14:27] EDIT a5s/controllers/default.py: 1
[2016-09-30 22:15:17] EDIT a5s/views/index.html: 0
[2016-09-30 22:15:55] EDIT a5s/views/index.html: 0
[2016-09-30 22:16:56] EDIT a5s/controllers/default.py: 0
[2016-09-30 22:17:00] EDIT a5s/controllers/default.py: 0
[2016-09-30 22:17:25] EDIT a5s/controllers/default.py: 0
[2016-09-30 22:18:14] EDIT a5s/controllers/default.py: -32
[2016-09-30 22:18:19] EDIT a5s/controllers/default.py: 0
[2016-09-30 22:18:49] EDIT a5s/views/index.html: 0
[2016-09-30 22:26:37] EDIT a5s/controllers/default.py: 0
[2016-09-30 22:27:03] EDIT a5s/controllers/default.py: -1
[2016-09-30 22:27:13] EDIT a5s/controllers/default.py: 0
[2016-09-30 22:27:37] EDIT a5s/controllers/default.py: 0
[2016-09-30 22:28:04] EDIT a5s/views/index.html: 0
[2016-09-30 22:30:05] EDIT a5s/controllers/default.py: 0
[2016-09-30 22:54:41] EDIT a5s/models/db.py: 1
[2016-09-30 22:54:56] EDIT a5s/models/db.py: 0
[2016-09-30 22:55:00] EDIT a5s/models/db.py: 0
[2016-09-30 22:55:11] EDIT a5s/models/db.py: 0
[2016-09-30 22:55:29] EDIT a5s/models/db.py: 0
[2016-09-30 22:55:37] EDIT a5s/models/db.py: 0
[2016-09-30 22:56:58] EDIT a5s/models/db.py: 0
[2016-09-30 22:57:04] EDIT a5s/models/db.py: 1
[2016-09-30 22:57:51] EDIT a5s/controllers/default.py: 1
[2016-09-30 22:58:02] EDIT a5s/controllers/default.py: 0
[2016-09-30 22:58:37] EDIT a5s/controllers/default.py: 0
[2016-09-30 22:58:43] EDIT a5s/controllers/default.py: 0
[2016-09-30 22:58:44] EDIT a5s/controllers/default.py: 0
[2016-09-30 22:58:45] EDIT a5s/controllers/default.py: 0
[2016-09-30 22:59:20] EDIT a5s/controllers/default.py: 0
[2016-09-30 22:59:21] EDIT a5s/controllers/default.py: 0
[2016-09-30 22:59:38] EDIT a5s/controllers/default.py: 0
[2016-09-30 23:00:08] EDIT a5s/controllers/default.py: 0
[2016-09-30 23:01:26] EDIT a5s/views/default/index.html: -1
[2016-09-30 23:01:28] EDIT a5s/views/default/index.html: 0
[2016-09-30 23:02:15] EDIT a5s/views/default/index.html: 0
[2016-09-30 23:03:51] EDIT a5s/controllers/default.py: 0
[2016-09-30 23:04:03] EDIT a5s/controllers/default.py: 0
[2016-09-30 23:04:06] EDIT a5s/controllers/default.py: 0
[2016-09-30 23:04:35] EDIT a5s/controllers/default.py: 0
[2016-09-30 23:05:11] EDIT a5s/controllers/default.py: 0
[2016-09-30 23:06:24] EDIT a5s/controllers/default.py: 0
[2016-09-30 23:06:40] EDIT a5s/views/default/index.html: 1
[2016-09-30 23:06:59] EDIT a5s/controllers/default.py: 0
[2016-09-30 23:07:46] EDIT a5s/controllers/default.py: 0
[2016-09-30 23:31:37] EDIT a5s/controllers/default.py: 0
[2016-09-30 23:33:00] EDIT a5s/controllers/default.py: 0
[2016-09-30 23:33:17] EDIT a5s/views/default/index.html: -1
[2016-09-30 23:33:42] EDIT a5s/controllers/default.py: 0
[2016-09-30 23:41:44] EDIT a5s/models/db.py: -1
[2016-09-30 23:41:58] EDIT a5s/models/db.py: 0
[2016-09-30 23:42:22] EDIT a5s/controllers/default.py: 0
[2016-09-30 23:42:43] EDIT a5s/controllers/default.py: 0
[2016-09-30 23:47:21] EDIT a5s/controllers/default.py: 0
[2016-09-30 23:47:45] EDIT a5s/controllers/default.py: 0
[2016-09-30 23:47:55] EDIT a5s/controllers/default.py: 0
[2016-09-30 23:49:22] EDIT a5s/controllers/default.py: 0
[2016-09-30 23:49:31] EDIT a5s/models/db.py: 1
[2016-10-01 17:33:22] EDIT a5s/controllers/default.py: 4
[2016-10-01 17:34:28] CREATE default/first.html: 0
[2016-10-01 17:34:51] EDIT a5s/views/default/first.html: 3
[2016-10-01 17:35:19] CREATE default/second.html: 0
[2016-10-01 17:35:33] EDIT a5s/views/default/second.html: -1
[2016-10-01 17:37:31] EDIT a5s/controllers/default.py: 3
[2016-10-01 17:43:51] EDIT a5s/controllers/default.py: 2
[2016-10-01 17:44:13] EDIT a5s/controllers/default.py: 0
[2016-10-01 17:44:27] EDIT a5s/controllers/default.py: 0
[2016-10-01 17:44:37] EDIT a5s/views/default/second.html: 0
[2016-10-01 17:45:22] EDIT a5s/controllers/default.py: 0
[2016-10-01 17:45:51] EDIT a5s/controllers/default.py: 0
[2016-10-01 17:47:08] EDIT a5s/controllers/default.py: 0
[2016-10-01 17:47:32] EDIT a5s/controllers/default.py: 0
[2016-10-01 17:48:22] EDIT a5s/controllers/default.py: 0
[2016-10-01 17:48:31] EDIT a5s/controllers/default.py: 0
[2016-10-01 17:48:33] EDIT a5s/controllers/default.py: 0
[2016-10-01 17:48:39] EDIT a5s/controllers/default.py: 0
[2016-10-01 17:49:07] EDIT a5s/controllers/default.py: 0
[2016-10-01 17:49:35] EDIT a5s/controllers/default.py: 0
[2016-10-01 19:18:44] EDIT a5s/views/default/index.html: 1
[2016-10-01 19:19:15] EDIT a5s/views/default/second.html: 1
[2016-10-01 19:20:08] EDIT a5s/controllers/default.py: 1
[2016-10-01 19:20:27] EDIT a5s/views/default/second.html: 2
[2016-10-01 19:27:02] EDIT a5s/controllers/default.py: 0
[2016-10-01 19:27:37] EDIT a5s/controllers/default.py: 0
[2016-10-01 22:14:52] EDIT a5s/controllers/default.py: 0
[2016-10-01 22:15:17] EDIT a5s/controllers/default.py: 0
[2016-10-01 22:17:14] EDIT a5s/controllers/default.py: 0
[2016-10-01 22:17:48] EDIT a5s/controllers/default.py: 0
[2016-10-01 22:18:22] EDIT a5s/controllers/default.py: 0
[2016-10-01 22:19:07] EDIT a5s/views/default/first.html: 0
[2016-10-01 22:19:13] EDIT a5s/views/default/second.html: 3
[2016-10-01 22:19:22] EDIT a5s/views/default/second.html: -1
[2016-10-01 23:02:13] EDIT a5s/views/default/index.html: 14
[2016-10-01 23:04:04] EDIT a5s/views/default/second.html: 17
[2016-10-01 23:04:47] EDIT a5s/views/default/second.html: -1
[2016-10-01 23:05:54] EDIT a5s/views/default/second.html: 1
[2016-10-02 00:12:35] EDIT a5s/views/default/second.html: 14
[2016-10-02 00:13:07] EDIT a5s/views/default/second.html: -5
[2016-10-02 00:29:41] EDIT a5s/views/default/second.html: 1
[2016-10-02 00:30:22] EDIT a5s/views/default/second.html: 0
[2016-10-02 00:30:35] EDIT a5s/views/default/second.html: 0
[2016-10-02 01:02:29] EDIT a5s/views/default/second.html: 6
[2016-10-02 16:42:52] EDIT a5s/views/default/second.html: 4
[2016-10-02 17:27:48] EDIT a5s/views/default/second.html: 0
[2016-10-03 13:07:26] EDIT a5s/views/default/second.html: -1
[2016-10-03 13:08:00] EDIT a5s/views/default/second.html: 0
[2016-10-03 13:10:39] EDIT a5s/views/default/second.html: 1
[2016-10-03 13:12:35] EDIT a5s/controllers/default.py: 0
[2016-10-03 13:18:28] EDIT a5s/controllers/default.py: 0
[2016-10-03 13:19:25] EDIT a5s/controllers/default.py: 0
[2016-10-03 13:19:44] EDIT a5s/controllers/default.py: 0
[2016-10-03 13:25:05] EDIT a5s/controllers/default.py: 1
[2016-10-03 13:25:08] EDIT a5s/controllers/default.py: -1
[2016-10-03 13:25:45] EDIT a5s/controllers/default.py: 1
[2016-10-03 13:25:53] EDIT a5s/controllers/default.py: 0
[2016-10-03 13:28:02] EDIT a5s/controllers/default.py: 0
[2016-10-03 13:29:52] EDIT a5s/views/default/second.html: 3
[2016-10-03 13:30:05] EDIT a5s/controllers/default.py: 8
[2016-10-03 13:30:28] EDIT a5s/controllers/default.py: -1
[2016-10-03 13:30:29] EDIT a5s/controllers/default.py: 0
[2016-10-03 13:30:29] EDIT a5s/controllers/default.py: 0
[2016-10-03 13:30:30] EDIT a5s/controllers/default.py: 0
[2016-10-03 13:30:30] EDIT a5s/controllers/default.py: 0
[2016-10-03 13:30:30] EDIT a5s/controllers/default.py: 0
[2016-10-03 13:30:53] EDIT a5s/controllers/default.py: 0
[2016-10-03 13:30:54] EDIT a5s/controllers/default.py: 0
[2016-10-03 13:31:04] EDIT a5s/controllers/default.py: -1
[2016-10-03 13:31:29] EDIT a5s/controllers/default.py: 0
[2016-10-03 13:31:48] EDIT a5s/controllers/default.py: -2
[2016-10-03 13:32:45] EDIT a5s/controllers/default.py: 0
[2016-10-03 13:33:30] EDIT a5s/controllers/default.py: 0
[2016-10-03 13:35:03] EDIT a5s/controllers/default.py: 1
[2016-10-03 13:35:33] EDIT a5s/controllers/default.py: 0
[2016-10-03 13:36:19] EDIT a5s/controllers/default.py: 0
[2016-10-03 14:01:57] EDIT a5s/controllers/default.py: 0
[2016-10-03 14:02:21] EDIT a5s/controllers/default.py: 0
[2016-10-03 14:02:44] EDIT a5s/controllers/default.py: 0
[2016-10-03 14:04:14] EDIT a5s/controllers/default.py: 0
[2016-10-03 14:07:15] EDIT a5s/controllers/default.py: 0
[2016-10-03 14:07:21] EDIT a5s/controllers/default.py: 0
[2016-10-03 14:07:49] EDIT a5s/controllers/default.py: 0
[2016-10-03 14:08:44] EDIT a5s/controllers/default.py: 0
[2016-10-03 14:08:58] EDIT a5s/controllers/default.py: 0
[2016-10-03 14:09:48] EDIT a5s/controllers/default.py: 0
[2016-10-03 14:09:55] EDIT a5s/controllers/default.py: 0
[2016-10-03 17:53:25] EDIT a5s/views/default/second.html: -1
[2016-10-03 17:54:53] EDIT a5s/controllers/default.py: -1
[2016-10-03 17:55:25] EDIT a5s/controllers/default.py: 0
[2016-10-03 22:40:14] EDIT a5s/controllers/default.py: 1
[2016-10-03 22:40:21] EDIT a5s/controllers/default.py: -1
[2016-10-03 22:40:26] EDIT a5s/controllers/default.py: 1
[2016-10-03 22:43:38] EDIT a5s/controllers/default.py: -1
[2016-10-03 22:43:41] EDIT a5s/controllers/default.py: 0
[2016-10-03 23:54:41] EDIT a5s/controllers/default.py: 0
[2016-10-04 00:01:29] EDIT a5s/views/default/first.html: 0
[2016-10-04 00:02:19] EDIT a5s/views/default/first.html: 0
[2016-10-04 00:02:49] EDIT a5s/views/default/first.html: 0
[2016-10-04 00:03:09] EDIT a5s/views/default/first.html: 0
[2016-10-04 00:04:17] EDIT a5s/views/default/first.html: 0
[2016-10-04 00:04:39] EDIT a5s/views/default/first.html: 0
[2016-10-04 00:24:03] EDIT a5s/views/default/first.html: 2
[2016-10-04 00:42:22] EDIT a5s/views/default/first.html: -2
[2016-10-04 00:42:53] EDIT a5s/views/default/first.html: 0
[2016-10-04 00:43:13] EDIT a5s/views/default/first.html: 2
[2016-10-04 00:43:34] EDIT a5s/views/default/first.html: -2
[2016-10-04 00:43:50] EDIT a5s/views/default/first.html: 2
[2016-10-04 01:28:40] EDIT a5s/controllers/default.py: 1
[2016-10-04 01:29:17] EDIT a5s/controllers/default.py: -1
[2016-10-04 01:29:34] EDIT a5s/controllers/default.py: 0
[2016-10-04 01:29:56] EDIT a5s/controllers/default.py: 0
[2016-10-04 01:30:17] EDIT a5s/controllers/default.py: 0
[2016-10-04 01:30:32] EDIT a5s/controllers/default.py: 0
[2016-10-04 01:30:47] EDIT a5s/controllers/default.py: 0
[2016-10-04 01:30:49] EDIT a5s/controllers/default.py: 0
[2016-10-04 01:30:57] EDIT a5s/controllers/default.py: 0
[2016-10-05 17:57:01] EDIT a5s/controllers/default.py: 0
[2016-10-05 19:25:40] EDIT a5s/views/default/first.html: -4
[2016-10-05 19:25:42] EDIT a5s/controllers/default.py: 1
[2016-10-05 19:25:57] EDIT a5s/controllers/default.py: 0
[2016-10-05 19:26:09] EDIT a5s/views/default/first.html: 3
[2016-10-05 19:28:03] EDIT a5s/controllers/default.py: 0
[2016-10-05 19:30:39] EDIT a5s/controllers/default.py: 0
[2016-10-05 19:30:46] EDIT a5s/controllers/default.py: 0
[2016-10-05 19:33:43] EDIT a5s/controllers/default.py: 0
[2016-10-05 19:36:25] EDIT a5s/controllers/default.py: -1
[2016-10-05 19:37:20] EDIT a5s/controllers/default.py: 0
[2016-10-05 19:37:34] EDIT a5s/controllers/default.py: 0
[2016-10-05 19:37:51] EDIT a5s/controllers/default.py: 0
[2016-10-05 22:46:45] EDIT a5s/controllers/default.py: 2
[2016-10-05 22:47:01] EDIT a5s/controllers/default.py: 0
[2016-10-05 22:47:21] EDIT a5s/controllers/default.py: 0
[2016-10-05 22:47:33] EDIT a5s/controllers/default.py: -2
[2016-10-05 22:51:17] EDIT a5s/controllers/default.py: 3
[2016-10-05 22:51:40] EDIT a5s/controllers/default.py: 0
[2016-10-05 23:05:26] EDIT a5s/controllers/default.py: 1
[2016-10-05 23:06:25] EDIT a5s/controllers/default.py: 4
[2016-10-05 23:07:06] EDIT a5s/controllers/default.py: 0
[2016-10-05 23:07:41] EDIT a5s/controllers/default.py: -1
[2016-10-05 23:08:50] EDIT a5s/controllers/default.py: 0
[2016-10-05 23:09:27] EDIT a5s/controllers/default.py: 0
[2016-10-05 23:12:20] EDIT a5s/controllers/default.py: 0
[2016-10-05 23:13:32] EDIT a5s/controllers/default.py: 0
[2016-10-05 23:13:42] EDIT a5s/controllers/default.py: 0
[2016-10-05 23:13:52] EDIT a5s/controllers/default.py: 0
[2016-10-05 23:14:37] EDIT a5s/views/default/first.html: 0
[2016-10-05 23:15:13] EDIT a5s/views/index.html: 39
[2016-10-05 23:15:52] EDIT a5s/views/default/second.html: -40
[2016-10-05 23:17:02] EDIT a5s/controllers/default.py: 0
[2016-10-05 23:21:58] EDIT a5s/controllers/default.py: -2
[2016-10-05 23:24:42] EDIT a5s/controllers/default.py: 2
[2016-10-05 23:27:21] EDIT a5s/controllers/default.py: -2
[2016-10-05 23:27:27] EDIT a5s/controllers/default.py: 0
[2016-10-05 23:27:57] EDIT a5s/controllers/default.py: 0
[2016-10-05 23:28:43] EDIT a5s/controllers/default.py: 0
[2016-10-05 23:33:22] EDIT a5s/models/db.py: 1
[2016-10-05 23:36:06] EDIT a5s/controllers/default.py: 7
[2016-10-05 23:36:42] EDIT a5s/controllers/default.py: -3
[2016-10-05 23:37:09] EDIT a5s/controllers/default.py: 0
[2016-10-05 23:37:30] EDIT a5s/models/db.py: 0
[2016-10-05 23:37:32] EDIT a5s/views/default/second.html: 0
[2016-10-05 23:37:39] EDIT a5s/views/default/first.html: 0
[2016-10-05 23:39:51] EDIT a5s/controllers/default.py: 0
[2016-10-05 23:40:34] EDIT a5s/views/default/second.html: 0
[2016-10-05 23:41:29] EDIT a5s/views/default/second.html: 0
[2016-10-05 23:42:24] EDIT a5s/views/default/second.html: 0
[2016-10-05 23:46:15] EDIT a5s/models/db.py: 0
[2016-10-05 23:46:38] EDIT a5s/models/db.py: 0
[2016-10-05 23:47:03] EDIT a5s/models/db.py: 0
[2016-10-05 23:50:30] EDIT a5s/controllers/default.py: 1
[2016-10-05 23:50:49] CREATE third.html: 0
[2016-10-05 23:51:37] EDIT a5s/controllers/default.py: 3
[2016-10-05 23:52:17] EDIT a5s/views/third.html: -1
[2016-10-05 23:52:27] EDIT a5s/controllers/default.py: 0
[2016-10-05 23:53:51] EDIT a5s/views/third.html: 0
[2016-10-05 23:57:26] EDIT a5s/views/third.html: 0
[2016-10-05 23:57:57] EDIT a5s/views/third.html: 3
[2016-10-05 23:58:16] EDIT a5s/views/third.html: 0
[2016-10-05 23:58:55] EDIT a5s/views/third.html: 0
[2016-10-05 23:59:02] EDIT a5s/views/third.html: 0
[2016-10-06 00:01:44] EDIT a5s/controllers/default.py: 4
[2016-10-06 00:02:00] EDIT a5s/controllers/default.py: 0
[2016-10-06 00:05:34] EDIT a5s/controllers/default.py: 1
[2016-10-06 00:08:48] EDIT a5s/controllers/default.py: 71
[2016-10-06 00:10:37] EDIT a5s/controllers/default.py: -11
[2016-10-06 00:10:51] EDIT a5s/controllers/default.py: -1
[2016-10-06 00:11:14] EDIT a5s/controllers/default.py: 0
[2016-10-06 00:15:52] EDIT a5s/controllers/default.py: 1
[2016-10-06 00:22:11] EDIT a5s/controllers/default.py: 0
[2016-10-06 00:41:26] DELETE a5s/views/third.html: -5
[2016-10-06 00:41:46] CREATE default/third.html: 0
[2016-10-06 00:42:05] EDIT a5s/views/default/third.html: -1
[2016-10-06 00:48:35] EDIT a5s/controllers/default.py: 0
[2016-10-06 00:48:39] EDIT a5s/controllers/default.py: 0
[2016-10-06 00:48:52] EDIT a5s/controllers/default.py: 0
[2016-10-06 00:49:00] EDIT a5s/controllers/default.py: 0
[2016-10-06 00:49:30] EDIT a5s/controllers/default.py: 0
[2016-10-06 00:50:19] EDIT a5s/controllers/default.py: 0
[2016-10-06 00:50:27] EDIT a5s/controllers/default.py: 0
[2016-10-06 00:50:36] EDIT a5s/controllers/default.py: 0
[2016-10-06 00:50:47] EDIT a5s/controllers/default.py: 0
[2016-10-06 00:51:15] EDIT a5s/controllers/default.py: 0
[2016-10-06 00:51:43] EDIT a5s/controllers/default.py: 0
[2016-10-06 00:52:25] EDIT a5s/controllers/default.py: 0
[2016-10-06 00:52:44] EDIT a5s/controllers/default.py: 0
[2016-10-06 00:52:55] EDIT a5s/controllers/default.py: 0
[2016-10-06 00:53:06] EDIT a5s/controllers/default.py: 0
[2016-10-06 00:53:13] EDIT a5s/controllers/default.py: 0
[2016-10-06 00:53:41] EDIT a5s/controllers/default.py: 0
[2016-10-06 00:53:51] EDIT a5s/controllers/default.py: 1
[2016-10-06 00:54:13] EDIT a5s/controllers/default.py: 1
[2016-10-06 00:54:20] EDIT a5s/controllers/default.py: 0
[2016-10-06 00:55:16] EDIT a5s/controllers/default.py: -7
[2016-10-06 00:55:18] EDIT a5s/controllers/default.py: 0
[2016-10-06 00:57:08] EDIT a5s/controllers/default.py: 0
[2016-10-06 00:57:36] EDIT a5s/views/default/third.html: 3
[2016-10-06 00:58:27] EDIT a5s/controllers/default.py: 0
[2016-10-06 01:00:31] EDIT a5s/controllers/default.py: 0
[2016-10-06 01:00:44] EDIT a5s/controllers/default.py: 0
[2016-10-06 01:01:59] EDIT a5s/controllers/default.py: 0
[2016-10-06 01:11:37] EDIT a5s/controllers/default.py: 0
[2016-10-06 01:12:35] EDIT a5s/controllers/default.py: 0
[2016-10-06 01:14:56] EDIT a5s/controllers/default.py: 0
[2016-10-06 01:22:18] EDIT a5s/controllers/default.py: 0
[2016-10-06 01:22:30] EDIT a5s/controllers/default.py: 0
[2016-10-06 01:22:34] EDIT a5s/controllers/default.py: 0
[2016-10-06 01:22:38] EDIT a5s/controllers/default.py: 0
[2016-10-06 01:22:38] EDIT a5s/controllers/default.py: 0
[2016-10-06 01:22:41] EDIT a5s/controllers/default.py: 0
[2016-10-06 01:22:44] EDIT a5s/controllers/default.py: 0
[2016-10-06 01:22:48] EDIT a5s/controllers/default.py: 0
[2016-10-06 01:23:02] EDIT a5s/controllers/default.py: 0
[2016-10-06 01:23:27] EDIT a5s/controllers/default.py: -2
[2016-10-06 01:23:45] EDIT a5s/controllers/default.py: 0
[2016-10-06 01:24:17] EDIT a5s/controllers/default.py: 0
[2016-10-06 01:24:23] EDIT a5s/controllers/default.py: 0
[2016-10-06 01:24:50] EDIT a5s/controllers/default.py: 0
[2016-10-06 01:25:14] EDIT a5s/controllers/default.py: 0
[2016-10-06 01:25:22] EDIT a5s/controllers/default.py: 0
[2016-10-06 01:25:31] EDIT a5s/controllers/default.py: 0
[2016-10-06 01:25:51] EDIT a5s/controllers/default.py: 0
[2016-10-06 01:26:04] EDIT a5s/controllers/default.py: 0
[2016-10-06 01:26:05] EDIT a5s/controllers/default.py: 0
[2016-10-06 01:26:05] EDIT a5s/controllers/default.py: 0
[2016-10-06 01:26:05] EDIT a5s/controllers/default.py: 0
[2016-10-06 01:26:06] EDIT a5s/controllers/default.py: 0
[2016-10-06 01:26:06] EDIT a5s/controllers/default.py: 0
[2016-10-06 01:26:06] EDIT a5s/controllers/default.py: 0
[2016-10-06 01:26:06] EDIT a5s/controllers/default.py: 0
[2016-10-06 01:26:06] EDIT a5s/controllers/default.py: 0
[2016-10-06 01:26:06] EDIT a5s/controllers/default.py: 0
[2016-10-06 01:26:07] EDIT a5s/controllers/default.py: 0
[2016-10-06 01:26:07] EDIT a5s/controllers/default.py: 0
[2016-10-06 01:26:07] EDIT a5s/controllers/default.py: 0
[2016-10-06 01:26:07] EDIT a5s/controllers/default.py: 0
[2016-10-06 01:26:07] EDIT a5s/controllers/default.py: 0
[2016-10-06 01:26:07] EDIT a5s/controllers/default.py: 0
[2016-10-06 01:26:08] EDIT a5s/controllers/default.py: 0
[2016-10-06 01:26:08] EDIT a5s/controllers/default.py: 0
[2016-10-06 01:26:08] EDIT a5s/controllers/default.py: 0
[2016-10-06 01:26:08] EDIT a5s/controllers/default.py: 0
[2016-10-06 01:26:08] EDIT a5s/controllers/default.py: 0
[2016-10-06 01:26:08] EDIT a5s/controllers/default.py: 0
[2016-10-06 01:26:09] EDIT a5s/controllers/default.py: 0
[2016-10-06 01:26:09] EDIT a5s/controllers/default.py: 0
[2016-10-06 01:26:33] EDIT a5s/controllers/default.py: -6
[2016-10-06 01:26:35] EDIT a5s/controllers/default.py: 0
[2016-10-06 01:26:35] EDIT a5s/controllers/default.py: 0
[2016-10-06 01:26:36] EDIT a5s/controllers/default.py: 0
[2016-10-06 01:26:36] EDIT a5s/controllers/default.py: 0
[2016-10-06 01:26:36] EDIT a5s/controllers/default.py: 0
[2016-10-06 01:26:36] EDIT a5s/controllers/default.py: 0
[2016-10-06 01:27:08] EDIT a5s/controllers/default.py: 0
[2016-10-06 01:27:18] EDIT a5s/controllers/default.py: 0
[2016-10-06 01:27:18] EDIT a5s/controllers/default.py: 0
[2016-10-06 01:27:18] EDIT a5s/controllers/default.py: 0
[2016-10-06 01:27:19] EDIT a5s/controllers/default.py: 0
[2016-10-06 01:27:19] EDIT a5s/controllers/default.py: 0
[2016-10-06 01:27:19] EDIT a5s/controllers/default.py: 0
[2016-10-06 01:27:46] EDIT a5s/controllers/default.py: 0
[2016-10-06 01:30:24] EDIT a5s/controllers/default.py: 1
[2016-10-06 01:30:26] EDIT a5s/controllers/default.py: 0
[2016-10-06 01:31:26] EDIT a5s/controllers/default.py: 4
[2016-10-06 01:31:35] EDIT a5s/controllers/default.py: 0
[2016-10-06 01:31:39] EDIT a5s/controllers/default.py: 0
[2016-10-06 01:31:43] EDIT a5s/controllers/default.py: 0
[2016-10-06 01:32:58] EDIT a5s/controllers/default.py: -5
[2016-10-06 01:33:07] EDIT a5s/controllers/default.py: 0
[2016-10-06 01:33:08] EDIT a5s/controllers/default.py: 0
[2016-10-06 01:33:08] EDIT a5s/controllers/default.py: 0
[2016-10-06 01:33:08] EDIT a5s/controllers/default.py: 0
[2016-10-06 01:33:08] EDIT a5s/controllers/default.py: 0
[2016-10-06 01:33:09] EDIT a5s/controllers/default.py: 0
[2016-10-06 01:33:09] EDIT a5s/controllers/default.py: 0
[2016-10-06 01:33:18] EDIT a5s/controllers/default.py: 0
[2016-10-06 01:33:30] EDIT a5s/controllers/default.py: 0
[2016-10-06 01:33:52] EDIT a5s/controllers/default.py: 1
[2016-10-06 01:34:00] EDIT a5s/controllers/default.py: -1
[2016-10-06 01:35:50] EDIT a5s/controllers/default.py: 0
[2016-10-06 01:35:57] EDIT a5s/controllers/default.py: 0
[2016-10-06 01:41:52] EDIT a5s/controllers/default.py: 0
[2016-10-06 01:48:24] EDIT a5s/controllers/default.py: 0
[2016-10-06 01:48:55] EDIT a5s/controllers/default.py: -1
[2016-10-06 01:49:00] EDIT a5s/controllers/default.py: 0
[2016-10-06 01:50:27] EDIT a5s/controllers/default.py: 0
[2016-10-06 01:51:29] EDIT a5s/controllers/default.py: 0
[2016-10-06 01:52:28] EDIT a5s/controllers/default.py: 0
[2016-10-06 01:53:52] EDIT a5s/controllers/default.py: 6
[2016-10-06 01:54:36] EDIT a5s/controllers/default.py: 5
[2016-10-06 01:55:51] EDIT a5s/controllers/default.py: 2
[2016-10-06 01:57:18] EDIT a5s/controllers/default.py: 3
[2016-10-06 01:57:26] EDIT a5s/controllers/default.py: 0
[2016-10-06 01:57:42] EDIT a5s/controllers/default.py: 0
[2016-10-06 01:58:15] EDIT a5s/views/default/third.html: 1
[2016-10-06 01:58:36] EDIT a5s/controllers/default.py: 0
[2016-10-06 01:59:29] EDIT a5s/controllers/default.py: 0
[2016-10-06 02:01:06] EDIT a5s/controllers/default.py: 0
[2016-10-06 02:01:53] EDIT a5s/views/default/third.html: 0
[2016-10-06 02:02:11] EDIT a5s/views/default/third.html: 0
[2016-10-06 02:02:19] EDIT a5s/views/default/third.html: -1
[2016-10-06 02:02:26] EDIT a5s/views/default/third.html: 1
[2016-10-06 02:03:26] EDIT a5s/controllers/default.py: 1
[2016-10-06 02:07:08] EDIT a5s/controllers/default.py: 0
[2016-10-06 02:07:29] EDIT a5s/views/default/third.html: 0
[2016-10-06 02:08:42] EDIT a5s/controllers/default.py: 0
[2016-10-06 02:09:52] EDIT a5s/controllers/default.py: 0
[2016-10-06 02:10:59] EDIT a5s/controllers/default.py: 0
[2016-10-06 02:15:01] EDIT a5s/views/default/third.html: 0
[2016-10-06 02:15:16] EDIT a5s/views/default/third.html: 0
[2016-10-06 02:15:56] EDIT a5s/views/default/third.html: 0
[2016-10-06 02:16:02] EDIT a5s/controllers/default.py: 0
[2016-10-06 02:18:36] EDIT a5s/views/default/third.html: 0
[2016-10-06 02:19:06] EDIT a5s/controllers/default.py: 0
[2016-10-06 02:19:09] EDIT a5s/views/default/third.html: 0
[2016-10-06 02:20:19] EDIT a5s/controllers/default.py: 1
[2016-10-06 02:21:01] EDIT a5s/views/default/third.html: 0
[2016-10-06 02:21:08] EDIT a5s/controllers/default.py: 0
[2016-10-06 02:21:55] EDIT a5s/controllers/default.py: -1
[2016-10-06 02:23:26] EDIT a5s/controllers/default.py: 0
[2016-10-06 02:24:28] EDIT a5s/views/default/third.html: 0
[2016-10-06 02:25:27] EDIT a5s/controllers/default.py: 0
[2016-10-06 02:25:29] EDIT a5s/controllers/default.py: 0
[2016-10-06 02:25:30] EDIT a5s/controllers/default.py: 0
[2016-10-06 02:25:30] EDIT a5s/controllers/default.py: 0
[2016-10-06 02:25:31] EDIT a5s/controllers/default.py: 0
[2016-10-06 02:25:31] EDIT a5s/controllers/default.py: 0
[2016-10-06 02:25:31] EDIT a5s/controllers/default.py: 0
[2016-10-06 02:25:31] EDIT a5s/controllers/default.py: 0
[2016-10-06 02:25:31] EDIT a5s/controllers/default.py: 0
[2016-10-06 02:25:31] EDIT a5s/controllers/default.py: 0
[2016-10-06 02:25:32] EDIT a5s/controllers/default.py: 0
[2016-10-06 02:25:32] EDIT a5s/controllers/default.py: 0
[2016-10-06 02:25:32] EDIT a5s/controllers/default.py: 0
[2016-10-06 02:25:32] EDIT a5s/controllers/default.py: 0
[2016-10-06 02:26:11] EDIT a5s/views/default/third.html: 0
[2016-10-06 02:26:19] EDIT a5s/controllers/default.py: 0
[2016-10-06 02:27:05] EDIT a5s/controllers/default.py: 0
[2016-10-06 02:28:23] EDIT a5s/controllers/default.py: 0
[2016-10-06 02:28:29] EDIT a5s/controllers/default.py: 0
[2016-10-06 02:29:17] EDIT a5s/views/default/third.html: 0
[2016-10-06 02:29:23] EDIT a5s/views/default/first.html: 1
[2016-10-06 02:29:46] EDIT a5s/views/default/first.html: 0
[2016-10-06 02:31:51] EDIT a5s/views/default/first.html: 0
[2016-10-06 02:32:23] EDIT a5s/views/default/first.html: 0
[2016-10-06 16:27:32] EDIT a5s/views/default/third.html: 0
[2016-10-06 16:27:46] EDIT a5s/views/default/first.html: 0
[2016-10-06 16:29:01] EDIT a5s/views/default/first.html: 0
[2016-10-06 16:29:14] EDIT a5s/views/default/first.html: 0
[2016-10-06 16:30:16] EDIT a5s/views/default/first.html: 0
[2016-10-06 16:31:17] EDIT a5s/views/default/first.html: 0
[2016-10-06 16:31:25] EDIT a5s/views/default/first.html: 0
[2016-10-06 16:31:49] EDIT a5s/views/default/first.html: 0
[2016-10-06 16:33:36] EDIT a5s/views/default/first.html: 0
[2016-10-06 16:35:17] EDIT a5s/views/default/first.html: 0
[2016-10-06 16:35:23] EDIT a5s/views/default/first.html: 0
[2016-10-06 16:37:15] EDIT a5s/views/default/first.html: 0
[2016-10-06 16:40:12] UPLOAD /Users/rexsang/web2py/applications/a5s/static/image: 311
[2016-10-06 16:42:35] UPLOAD /Users/rexsang/web2py/applications/a5s/static/image1: 311
[2016-10-06 16:43:42] EDIT a5s/views/default/first.html: 0
[2016-10-06 16:44:12] EDIT a5s/views/default/first.html: 0
[2016-10-06 16:44:32] EDIT a5s/views/default/first.html: 0
[2016-10-06 16:45:29] EDIT a5s/views/default/first.html: 0
[2016-10-06 16:45:44] EDIT a5s/views/default/first.html: 0
[2016-10-06 16:46:02] EDIT a5s/views/default/first.html: 0
[2016-10-06 16:46:27] EDIT a5s/views/default/first.html: 0
[2016-10-06 16:46:53] EDIT a5s/views/default/first.html: 0
[2016-10-06 16:47:19] EDIT a5s/views/default/third.html: 0
[2016-10-06 16:52:38] EDIT a5s/views/default/first.html: -1
[2016-10-06 16:56:30] EDIT a5s/controllers/default.py: 1
[2016-10-06 17:02:24] EDIT a5s/controllers/default.py: 2
[2016-10-06 17:02:28] EDIT a5s/controllers/default.py: 0
[2016-10-06 17:02:36] EDIT a5s/views/default/first.html: 1
[2016-10-06 17:04:11] EDIT a5s/controllers/default.py: 1
[2016-10-06 17:04:24] EDIT a5s/controllers/default.py: 0
[2016-10-06 17:04:29] EDIT a5s/controllers/default.py: -1
[2016-10-06 17:04:39] EDIT a5s/controllers/default.py: 1
[2016-10-06 17:07:28] EDIT a5s/controllers/default.py: 0
[2016-10-06 17:08:25] EDIT a5s/controllers/default.py: 0
[2016-10-06 17:09:38] EDIT a5s/controllers/default.py: -1
[2016-10-06 17:09:50] EDIT a5s/views/default/first.html: -1
[2016-10-06 17:09:57] EDIT a5s/views/default/second.html: 1
[2016-10-06 17:10:08] EDIT a5s/controllers/default.py: 0
[2016-10-06 17:10:48] EDIT a5s/controllers/default.py: 0
[2016-10-06 17:11:39] EDIT a5s/controllers/default.py: 0
[2016-10-06 17:11:43] EDIT a5s/controllers/default.py: 0
[2016-10-06 17:11:58] EDIT a5s/controllers/default.py: 0
[2016-10-06 17:12:48] EDIT a5s/controllers/default.py: 0
[2016-10-06 17:16:39] EDIT a5s/controllers/default.py: 0
[2016-10-06 17:16:43] EDIT a5s/controllers/default.py: 0
[2016-10-06 17:18:17] EDIT a5s/controllers/default.py: 1
[2016-10-06 17:18:21] EDIT a5s/controllers/default.py: 0
[2016-10-06 17:19:55] EDIT a5s/models/db.py: -1
[2016-10-06 17:20:51] EDIT a5s/controllers/default.py: 1
[2016-10-06 17:21:32] EDIT a5s/controllers/default.py: 0
[2016-10-06 17:21:36] EDIT a5s/controllers/default.py: 0
[2016-10-06 17:27:33] EDIT a5s/controllers/default.py: 3
[2016-10-06 17:28:12] EDIT a5s/controllers/default.py: 0
[2016-10-06 17:33:02] EDIT a5s/controllers/default.py: 0
[2016-10-06 17:33:08] EDIT a5s/controllers/default.py: 0
[2016-10-06 17:34:10] EDIT a5s/controllers/default.py: 0
[2016-10-06 20:09:47] EDIT a5s/controllers/default.py: 1
[2016-10-06 20:09:55] EDIT a5s/controllers/default.py: 0
[2016-10-06 20:10:00] EDIT a5s/controllers/default.py: 0
[2016-10-06 20:10:14] EDIT a5s/views/default/third.html: 0
[2016-10-06 20:11:42] EDIT a5s/views/default/third.html: 0
[2016-10-06 20:13:15] EDIT a5s/views/default/third.html: 0
[2016-10-06 20:13:28] EDIT a5s/views/default/third.html: 0
[2016-10-06 20:15:21] EDIT a5s/controllers/default.py: 0
[2016-10-06 20:16:24] EDIT a5s/controllers/default.py: 0
[2016-10-06 20:17:10] EDIT a5s/controllers/default.py: 2
[2016-10-06 20:17:44] EDIT a5s/controllers/default.py: 0
[2016-10-06 20:17:51] EDIT a5s/controllers/default.py: 0
[2016-10-06 20:19:27] EDIT a5s/controllers/default.py: 0
[2016-10-06 20:19:31] EDIT a5s/controllers/default.py: 0
[2016-10-06 20:23:40] EDIT a5s/controllers/default.py: 0
[2016-10-06 20:24:40] EDIT a5s/controllers/default.py: 0
[2016-10-06 20:26:21] EDIT a5s/controllers/default.py: 1
[2016-10-06 20:26:30] EDIT a5s/controllers/default.py: 0
[2016-10-06 20:26:59] EDIT a5s/controllers/default.py: 0
[2016-10-06 20:28:48] EDIT a5s/controllers/default.py: 0
[2016-10-06 20:30:37] EDIT a5s/controllers/default.py: 1
[2016-10-06 20:30:49] EDIT a5s/views/default/third.html: 0
[2016-10-06 20:31:43] EDIT a5s/controllers/default.py: 0
[2016-10-06 20:32:41] EDIT a5s/controllers/default.py: 0
[2016-10-06 20:32:43] EDIT a5s/controllers/default.py: 0
[2016-10-06 20:32:44] EDIT a5s/controllers/default.py: 0
[2016-10-06 20:32:45] EDIT a5s/controllers/default.py: 0
[2016-10-06 20:32:46] EDIT a5s/controllers/default.py: 0
[2016-10-06 20:32:46] EDIT a5s/controllers/default.py: 0
[2016-10-06 20:33:12] EDIT a5s/controllers/default.py: 0
[2016-10-06 20:36:36] EDIT a5s/controllers/default.py: 0
[2016-10-06 20:37:13] EDIT a5s/controllers/default.py: 0
[2016-10-06 20:37:17] EDIT a5s/controllers/default.py: 0
[2016-10-06 20:37:23] EDIT a5s/views/default/third.html: 0
[2016-10-06 20:37:38] EDIT a5s/controllers/default.py: 0
[2016-10-06 20:39:33] EDIT a5s/controllers/default.py: 0
[2016-10-06 20:40:08] EDIT a5s/controllers/default.py: 0
[2016-10-06 20:43:10] EDIT a5s/controllers/default.py: 0
[2016-10-06 20:45:09] EDIT a5s/controllers/default.py: 0
[2016-10-06 20:46:13] EDIT a5s/controllers/default.py: 2
[2016-10-06 20:46:54] EDIT a5s/controllers/default.py: 0
[2016-10-06 20:46:59] EDIT a5s/controllers/default.py: 0
[2016-10-06 20:47:02] EDIT a5s/controllers/default.py: 0
[2016-10-06 20:49:12] EDIT a5s/controllers/default.py: 0
[2016-10-06 20:51:08] EDIT a5s/controllers/default.py: 0
[2016-10-06 20:51:12] EDIT a5s/controllers/default.py: 0
[2016-10-06 20:51:23] EDIT a5s/controllers/default.py: 0
[2016-10-06 20:53:37] EDIT a5s/controllers/default.py: 2
[2016-10-06 20:53:53] EDIT a5s/controllers/default.py: 0
[2016-10-06 20:53:56] EDIT a5s/views/default/third.html: 0
[2016-10-06 20:54:43] EDIT a5s/controllers/default.py: 0
[2016-10-06 20:55:39] EDIT a5s/controllers/default.py: 0
[2016-10-06 20:56:52] EDIT a5s/controllers/default.py: 0
[2016-10-06 20:59:50] EDIT a5s/controllers/default.py: 0
[2016-10-06 21:01:37] EDIT a5s/controllers/default.py: 0
[2016-10-06 21:02:03] EDIT a5s/controllers/default.py: 0
[2016-10-06 21:02:06] EDIT a5s/controllers/default.py: 0
[2016-10-06 21:02:08] EDIT a5s/controllers/default.py: 0
[2016-10-06 21:02:08] EDIT a5s/controllers/default.py: 0
[2016-10-06 21:02:09] EDIT a5s/controllers/default.py: 0
[2016-10-06 21:02:10] EDIT a5s/controllers/default.py: 0
[2016-10-06 21:02:10] EDIT a5s/controllers/default.py: 0
[2016-10-06 21:02:10] EDIT a5s/controllers/default.py: 0
[2016-10-06 21:02:10] EDIT a5s/controllers/default.py: 0
[2016-10-06 21:02:11] EDIT a5s/controllers/default.py: 0
[2016-10-06 21:02:11] EDIT a5s/controllers/default.py: 0
[2016-10-06 21:02:11] EDIT a5s/controllers/default.py: 0
[2016-10-06 21:02:11] EDIT a5s/controllers/default.py: 0
[2016-10-06 21:02:12] EDIT a5s/controllers/default.py: 0
[2016-10-06 21:02:12] EDIT a5s/controllers/default.py: 0
[2016-10-06 21:02:12] EDIT a5s/controllers/default.py: 0
[2016-10-06 21:02:12] EDIT a5s/controllers/default.py: 0
[2016-10-06 21:02:12] EDIT a5s/controllers/default.py: 0
[2016-10-06 21:02:12] EDIT a5s/controllers/default.py: 0
[2016-10-06 21:02:13] EDIT a5s/controllers/default.py: 0
[2016-10-06 21:02:14] EDIT a5s/controllers/default.py: 0
[2016-10-06 21:02:14] EDIT a5s/controllers/default.py: 0
[2016-10-06 21:02:14] EDIT a5s/controllers/default.py: 0
[2016-10-06 21:02:14] EDIT a5s/controllers/default.py: 0
[2016-10-06 21:02:14] EDIT a5s/controllers/default.py: 0
[2016-10-06 21:02:14] EDIT a5s/controllers/default.py: 0
[2016-10-06 21:02:15] EDIT a5s/controllers/default.py: 0
[2016-10-06 21:02:15] EDIT a5s/controllers/default.py: 0
[2016-10-06 21:02:15] EDIT a5s/controllers/default.py: 0
[2016-10-06 21:02:16] EDIT a5s/controllers/default.py: 0
[2016-10-06 21:02:16] EDIT a5s/controllers/default.py: 0
[2016-10-06 21:02:17] EDIT a5s/controllers/default.py: 0
[2016-10-06 21:02:17] EDIT a5s/controllers/default.py: 0
[2016-10-06 21:02:17] EDIT a5s/controllers/default.py: 0
[2016-10-06 21:02:17] EDIT a5s/controllers/default.py: 0
[2016-10-06 21:02:17] EDIT a5s/controllers/default.py: 0
[2016-10-06 21:02:18] EDIT a5s/controllers/default.py: 0
[2016-10-06 21:02:18] EDIT a5s/controllers/default.py: 0
[2016-10-06 21:02:19] EDIT a5s/controllers/default.py: 0
[2016-10-06 21:03:24] EDIT a5s/controllers/default.py: 0
[2016-10-06 21:04:36] EDIT a5s/controllers/default.py: 0
[2016-10-06 21:05:30] EDIT a5s/controllers/default.py: -2
[2016-10-06 21:06:41] EDIT a5s/controllers/default.py: 0
[2016-10-06 21:09:13] EDIT a5s/controllers/default.py: 1
[2016-10-06 21:09:26] EDIT a5s/controllers/default.py: -1
[2016-10-06 21:10:42] EDIT a5s/controllers/default.py: 0
[2016-10-06 21:11:19] EDIT a5s/controllers/default.py: 1
[2016-10-06 21:11:25] EDIT a5s/controllers/default.py: 0
[2016-10-06 21:11:33] EDIT a5s/views/default/third.html: 1
[2016-10-06 21:13:40] EDIT a5s/controllers/default.py: 1
[2016-10-06 21:16:05] EDIT a5s/controllers/default.py: 0
[2016-10-06 21:16:21] EDIT a5s/controllers/default.py: 0
[2016-10-06 21:16:46] EDIT a5s/controllers/default.py: 0
[2016-10-06 21:19:32] EDIT a5s/controllers/default.py: 0
[2016-10-06 21:20:38] EDIT a5s/controllers/default.py: 0
[2016-10-06 21:24:46] EDIT a5s/controllers/default.py: 16
[2016-10-06 21:26:14] EDIT a5s/controllers/default.py: 2
[2016-10-06 21:26:17] EDIT a5s/controllers/default.py: 0
[2016-10-06 21:27:02] EDIT a5s/controllers/default.py: 0
[2016-10-06 21:27:27] EDIT a5s/controllers/default.py: -2
[2016-10-06 21:27:40] EDIT a5s/controllers/default.py: 0
[2016-10-06 21:29:13] EDIT a5s/controllers/default.py: 2
[2016-10-06 21:29:17] EDIT a5s/controllers/default.py: 0
[2016-10-06 21:29:53] EDIT a5s/controllers/default.py: 0
[2016-10-06 21:40:13] EDIT a5s/controllers/default.py: -2
[2016-10-06 21:40:42] EDIT a5s/controllers/default.py: 0
[2016-10-06 21:40:46] EDIT a5s/views/default/third.html: 0
[2016-10-06 21:41:11] EDIT a5s/controllers/default.py: 0
[2016-10-06 21:41:52] EDIT a5s/controllers/default.py: 0
[2016-10-06 21:42:28] EDIT a5s/controllers/default.py: 0
[2016-10-06 21:42:45] EDIT a5s/controllers/default.py: 1
[2016-10-06 21:42:51] EDIT a5s/controllers/default.py: 0
[2016-10-06 21:43:32] EDIT a5s/controllers/default.py: 0
[2016-10-06 21:44:26] EDIT a5s/controllers/default.py: 0
[2016-10-06 21:46:08] EDIT a5s/controllers/default.py: -2
[2016-10-06 21:48:56] EDIT a5s/controllers/default.py: 2
[2016-10-06 21:51:00] EDIT a5s/views/default/third.html: -1
[2016-10-06 22:01:55] EDIT a5s/controllers/default.py: -1
[2016-10-06 22:02:00] EDIT a5s/controllers/default.py: 0
[2016-10-06 22:02:17] EDIT a5s/controllers/default.py: 1
[2016-10-06 22:03:10] EDIT a5s/controllers/default.py: 3
[2016-10-06 22:03:55] EDIT a5s/controllers/default.py: 0
[2016-10-06 22:04:08] EDIT a5s/controllers/default.py: 1
[2016-10-06 22:04:55] EDIT a5s/controllers/default.py: 0
[2016-10-06 22:05:01] EDIT a5s/controllers/default.py: 0
[2016-10-06 22:05:05] EDIT a5s/controllers/default.py: 0
[2016-10-06 22:05:44] EDIT a5s/controllers/default.py: -1
[2016-10-06 22:05:45] EDIT a5s/controllers/default.py: 0
[2016-10-06 22:06:37] EDIT a5s/controllers/default.py: 0
[2016-10-06 22:07:12] EDIT a5s/controllers/default.py: 0
[2016-10-06 22:07:25] EDIT a5s/controllers/default.py: 0
[2016-10-06 22:07:59] EDIT a5s/controllers/default.py: 0
[2016-10-06 22:08:24] EDIT a5s/controllers/default.py: 0
[2016-10-06 22:09:48] EDIT a5s/controllers/default.py: 0
[2016-10-06 22:11:16] EDIT a5s/controllers/default.py: 0
[2016-10-06 22:11:37] EDIT a5s/controllers/default.py: 1
[2016-10-06 22:14:12] EDIT a5s/controllers/default.py: 0
[2016-10-06 22:18:19] EDIT a5s/controllers/default.py: -2
[2016-10-06 22:20:38] EDIT a5s/controllers/default.py: 0
[2016-10-06 23:09:13] EDIT a5s/controllers/default.py: 0
[2016-10-06 23:10:15] EDIT a5s/controllers/default.py: 0
[2016-10-06 23:11:03] EDIT a5s/controllers/default.py: 0
[2016-10-06 23:11:46] EDIT a5s/controllers/default.py: 0
[2016-10-06 23:11:52] EDIT a5s/views/default/third.html: 0
[2016-10-06 23:12:00] EDIT a5s/controllers/default.py: 0
[2016-10-06 23:15:05] EDIT a5s/views/default/third.html: 0
[2016-10-06 23:15:31] EDIT a5s/controllers/default.py: 0
[2016-10-06 23:15:57] EDIT a5s/controllers/default.py: 0
[2016-10-06 23:20:24] EDIT a5s/views/default/third.html: 0
[2016-10-06 23:32:55] EDIT a5s/controllers/default.py: 0
[2016-10-06 23:32:59] EDIT a5s/views/default/third.html: 0
[2016-10-06 23:34:05] EDIT a5s/controllers/default.py: 0
[2016-10-06 23:43:50] EDIT a5s/controllers/default.py: 2
[2016-10-06 23:44:03] EDIT a5s/controllers/default.py: 0
[2016-10-06 23:44:26] EDIT a5s/controllers/default.py: -30
[2016-10-06 23:45:17] EDIT a5s/controllers/default.py: -4
[2016-10-06 23:45:42] EDIT a5s/controllers/default.py: -8
[2016-10-06 23:46:51] EDIT a5s/views/default/third.html: 0
[2016-10-06 23:47:05] EDIT a5s/controllers/default.py: -3
[2016-10-06 23:47:40] EDIT a5s/views/default/third.html: 0
[2016-10-06 23:48:36] EDIT a5s/controllers/default.py: -1
[2016-10-06 23:49:56] EDIT a5s/controllers/default.py: 1
[2016-10-06 23:51:31] EDIT a5s/controllers/default.py: 1
[2016-10-06 23:52:32] EDIT a5s/views/default/third.html: 0
[2016-10-06 23:56:15] DELETE a5s/static/images/a.png: -314
[2016-10-06 23:56:49] DELETE a5s/static/image1: -311
[2016-10-06 23:56:52] DELETE a5s/static/image: -311
[2016-10-06 23:57:33] EDIT a5s/controllers/default.py: -8
[2016-10-06 23:58:20] EDIT a5s/controllers/default.py: -7
[2016-10-06 23:59:58] EDIT a5s/controllers/default.py: 26
[2016-10-07 00:00:47] EDIT a5s/controllers/default.py: 0
[2016-10-07 00:00:49] EDIT a5s/controllers/default.py: 0
[2016-10-07 00:00:50] EDIT a5s/controllers/default.py: 0
[2016-10-07 00:00:57] EDIT a5s/controllers/default.py: -7
[2016-10-07 00:07:11] EDIT a5s/controllers/default.py: 0
[2016-10-07 00:07:31] EDIT a5s/controllers/default.py: -7
[2016-10-07 00:08:09] EDIT a5s/controllers/default.py: -2
[2016-10-07 00:13:18] EDIT a5s/controllers/default.py: 1
[2016-10-07 00:15:03] EDIT a5s/controllers/default.py: 30
[2016-10-07 00:17:53] EDIT a5s/controllers/default.py: 1
[2016-10-07 00:21:18] EDIT a5s/controllers/default.py: 1
[2016-10-07 00:24:12] EDIT a5s/controllers/default.py: 1
[2016-10-07 00:24:22] EDIT a5s/views/default/second.html: 0
[2016-10-07 00:25:08] EDIT a5s/controllers/default.py: 0
[2016-10-07 00:25:12] EDIT a5s/controllers/default.py: 0
[2016-10-07 00:27:33] EDIT a5s/controllers/default.py: 0
[2016-10-07 00:28:27] EDIT a5s/controllers/default.py: 0
[2016-10-07 00:30:10] EDIT a5s/controllers/default.py: 0
[2016-10-07 00:32:12] EDIT a5s/controllers/default.py: 0
[2016-10-07 00:32:17] EDIT a5s/controllers/default.py: 0
[2016-10-07 00:33:42] EDIT a5s/controllers/default.py: 0
[2016-10-07 00:34:59] EDIT a5s/controllers/default.py: 0
[2016-10-07 00:42:30] EDIT a5s/controllers/default.py: 1
[2016-10-07 00:42:55] EDIT a5s/controllers/default.py: 0
[2016-10-07 00:43:46] EDIT a5s/controllers/default.py: 0
[2016-10-07 00:44:46] EDIT a5s/controllers/default.py: 0
[2016-10-07 00:46:47] EDIT a5s/controllers/default.py: 0
[2016-10-07 00:50:23] EDIT a5s/controllers/default.py: 0
[2016-10-07 00:50:43] EDIT a5s/controllers/default.py: 0
[2016-10-07 00:51:30] EDIT a5s/controllers/default.py: 0
[2016-10-07 00:53:10] EDIT a5s/controllers/default.py: 0
[2016-10-07 00:53:34] EDIT a5s/controllers/default.py: 0
[2016-10-07 00:53:54] EDIT a5s/controllers/default.py: 0
[2016-10-07 00:55:02] EDIT a5s/controllers/default.py: 0
[2016-10-07 00:57:50] EDIT a5s/controllers/default.py: 0
[2016-10-07 00:58:17] EDIT a5s/controllers/default.py: 0
[2016-10-07 01:00:54] EDIT a5s/controllers/default.py: 0
[2016-10-07 01:08:31] EDIT a5s/controllers/default.py: 0
[2016-10-07 01:08:33] EDIT a5s/controllers/default.py: 0
[2016-10-07 01:09:16] EDIT a5s/controllers/default.py: 0
[2016-10-07 01:10:14] EDIT a5s/controllers/default.py: 0
[2016-10-07 01:10:58] EDIT a5s/controllers/default.py: 0
[2016-10-07 01:13:18] EDIT a5s/models/db.py: -1
[2016-10-07 01:13:39] EDIT a5s/controllers/default.py: 1
[2016-10-07 01:13:56] EDIT a5s/controllers/default.py: 0
[2016-10-07 01:17:57] EDIT a5s/controllers/default.py: 1
[2016-10-07 01:18:17] EDIT a5s/controllers/default.py: 0
[2016-10-07 01:18:43] EDIT a5s/controllers/default.py: -1
[2016-10-07 01:19:50] EDIT a5s/controllers/default.py: 0
[2016-10-07 01:20:15] EDIT a5s/controllers/default.py: 0
[2016-10-07 01:20:47] EDIT a5s/controllers/default.py: 0
[2016-10-07 01:21:33] EDIT a5s/models/db.py: 1
[2016-10-07 01:23:40] EDIT a5s/controllers/default.py: 0
[2016-10-07 01:30:11] EDIT a5s/controllers/default.py: 0
[2016-10-07 01:31:33] EDIT a5s/models/db.py: 0
[2016-10-07 17:56:04] EDIT a5s/controllers/default.py: 1
[2016-10-07 18:30:43] EDIT a5s/controllers/default.py: 0
[2016-10-07 18:33:20] EDIT a5s/controllers/default.py: -1
[2016-10-07 18:33:34] EDIT a5s/controllers/default.py: 1
[2016-10-07 18:33:43] EDIT a5s/controllers/default.py: 0
[2016-10-07 18:34:50] EDIT a5s/controllers/default.py: 0
[2016-10-07 18:35:17] EDIT a5s/controllers/default.py: 1
[2016-10-07 18:35:45] EDIT a5s/controllers/default.py: 0
[2016-10-07 18:36:32] EDIT a5s/controllers/default.py: -1
[2016-10-07 18:38:04] EDIT a5s/controllers/default.py: -1
[2016-10-07 19:03:04] EDIT a5s/controllers/default.py: 1
[2016-10-07 19:03:20] EDIT a5s/controllers/default.py: 0
[2016-10-07 19:05:33] EDIT a5s/controllers/default.py: 0
[2016-10-07 19:10:53] EDIT a5s/controllers/default.py: 0
[2016-10-07 19:11:09] EDIT a5s/controllers/default.py: 0
[2016-10-07 19:11:51] EDIT a5s/controllers/default.py: 0
[2016-10-07 19:18:16] EDIT a5s/controllers/default.py: 0
[2016-10-07 19:18:35] EDIT a5s/controllers/default.py: -1
[2016-10-07 19:20:44] EDIT a5s/controllers/default.py: 0
[2016-10-07 19:21:01] EDIT a5s/controllers/default.py: 0
[2016-10-07 19:21:28] EDIT a5s/controllers/default.py: 0
[2016-10-07 19:30:21] EDIT a5s/controllers/default.py: 1
[2016-10-07 19:30:45] EDIT a5s/controllers/default.py: 0
[2016-10-07 19:30:54] EDIT a5s/controllers/default.py: 0
[2016-10-07 19:31:47] EDIT a5s/controllers/default.py: 1
[2016-10-07 19:41:04] EDIT a5s/controllers/default.py: 0
[2016-10-07 19:47:27] EDIT a5s/controllers/default.py: 0
[2016-10-07 19:48:31] EDIT a5s/controllers/default.py: 1
[2016-10-07 19:49:14] EDIT a5s/controllers/default.py: 0
[2016-10-07 19:49:23] EDIT a5s/controllers/default.py: -2
[2016-10-07 19:51:58] EDIT a5s/controllers/default.py: 2
[2016-10-07 19:52:05] EDIT a5s/controllers/default.py: 0
[2016-10-07 19:52:39] EDIT a5s/controllers/default.py: 1
[2016-10-07 19:52:45] EDIT a5s/controllers/default.py: 0
[2016-10-07 19:54:35] EDIT a5s/controllers/default.py: 0
[2016-10-07 20:06:13] EDIT a5s/controllers/default.py: 0
[2016-10-07 20:06:15] EDIT a5s/controllers/default.py: 0
[2016-10-07 20:07:15] EDIT a5s/controllers/default.py: 0
[2016-10-07 20:13:57] EDIT a5s/controllers/default.py: 10
[2016-10-07 20:14:09] EDIT a5s/controllers/default.py: 0
[2016-10-07 20:16:23] EDIT a5s/controllers/default.py: 5
[2016-10-07 20:17:14] EDIT a5s/controllers/default.py: 7
[2016-10-07 20:17:47] EDIT a5s/controllers/default.py: 1
[2016-10-07 20:22:45] EDIT a5s/controllers/default.py: 6
[2016-10-07 20:22:56] EDIT a5s/controllers/default.py: 0
[2016-10-07 20:23:05] EDIT a5s/controllers/default.py: 0
[2016-10-07 20:23:20] EDIT a5s/views/default/third.html: 1
[2016-10-07 20:24:31] EDIT a5s/controllers/default.py: -1
[2016-10-07 20:25:24] EDIT a5s/controllers/default.py: 0
[2016-10-07 20:27:04] EDIT a5s/controllers/default.py: 0
[2016-10-07 20:37:05] EDIT a5s/controllers/default.py: 0
[2016-10-07 20:40:22] EDIT a5s/controllers/default.py: 0
[2016-10-07 20:40:25] EDIT a5s/controllers/default.py: 0
[2016-10-07 20:41:32] EDIT a5s/controllers/default.py: 0
[2016-10-07 20:42:03] EDIT a5s/controllers/default.py: 0
[2016-10-07 20:42:56] EDIT a5s/controllers/default.py: 0
[2016-10-07 20:43:58] EDIT a5s/controllers/default.py: -2
[2016-10-07 20:46:31] EDIT a5s/controllers/default.py: -1
[2016-10-07 20:47:03] EDIT a5s/controllers/default.py: 0
[2016-10-07 20:57:14] EDIT a5s/controllers/default.py: 0
[2016-10-07 21:02:32] EDIT a5s/controllers/default.py: 0
[2016-10-07 21:03:08] EDIT a5s/controllers/default.py: 0
[2016-10-07 21:03:10] EDIT a5s/controllers/default.py: 0
[2016-10-07 21:03:10] EDIT a5s/controllers/default.py: 0
[2016-10-07 21:03:11] EDIT a5s/controllers/default.py: 0
[2016-10-07 21:03:12] EDIT a5s/controllers/default.py: 0
[2016-10-07 21:03:13] EDIT a5s/controllers/default.py: 0
[2016-10-08 15:22:22] EDIT a5s/controllers/default.py: 0
[2016-10-08 15:24:19] EDIT a5s/controllers/default.py: 2
[2016-10-08 15:24:38] EDIT a5s/controllers/default.py: -1
[2016-10-08 15:25:50] EDIT a5s/controllers/default.py: 0
[2016-10-08 15:26:43] EDIT a5s/controllers/default.py: 0
[2016-10-08 15:28:43] EDIT a5s/controllers/default.py: 0
[2016-10-08 15:33:13] EDIT a5s/controllers/default.py: 0
[2016-10-08 15:34:15] EDIT a5s/controllers/default.py: 1
[2016-10-08 15:40:36] EDIT a5s/controllers/default.py: 0
[2016-10-08 15:40:47] EDIT a5s/controllers/default.py: -16
[2016-10-08 15:47:37] EDIT a5s/controllers/default.py: 0
[2016-10-08 15:51:31] EDIT a5s/controllers/default.py: 0
[2016-10-08 15:58:51] EDIT a5s/controllers/default.py: 0
[2016-10-08 16:01:16] EDIT a5s/controllers/default.py: 0
[2016-10-08 16:01:57] EDIT a5s/controllers/default.py: 0
[2016-10-08 16:03:56] EDIT a5s/controllers/default.py: 0
[2016-10-08 16:04:19] EDIT a5s/controllers/default.py: 0
[2016-10-08 16:07:31] EDIT a5s/controllers/default.py: 1
[2016-10-08 16:08:50] EDIT a5s/controllers/default.py: 1
[2016-10-08 16:09:33] EDIT a5s/controllers/default.py: -1
[2016-10-08 16:10:13] EDIT a5s/controllers/default.py: 1
[2016-10-08 16:10:24] EDIT a5s/controllers/default.py: -1
[2016-10-08 16:10:42] EDIT a5s/controllers/default.py: 1
[2016-10-08 16:11:21] EDIT a5s/controllers/default.py: 0
[2016-10-08 16:11:31] EDIT a5s/controllers/default.py: 0
[2016-10-08 16:11:49] EDIT a5s/controllers/default.py: -1
[2016-10-08 16:12:12] EDIT a5s/models/db.py: 1
[2016-10-08 16:12:17] EDIT a5s/controllers/default.py: -1
[2016-10-08 16:12:30] EDIT a5s/controllers/default.py: 1
[2016-10-08 16:13:34] EDIT a5s/controllers/default.py: 0
[2016-10-08 16:14:18] EDIT a5s/models/db.py: 0
[2016-10-08 16:15:15] EDIT a5s/controllers/default.py: 0
[2016-10-08 16:16:46] EDIT a5s/controllers/default.py: 1
[2016-10-08 16:18:09] EDIT a5s/controllers/default.py: -1
[2016-10-08 16:18:50] EDIT a5s/models/db.py: -1
[2016-10-08 16:20:25] EDIT a5s/controllers/default.py: 2
[2016-10-08 16:34:20] EDIT a5s/controllers/default.py: 0
[2016-10-08 16:34:48] EDIT a5s/controllers/default.py: 0
[2016-10-08 16:49:21] EDIT a5s/controllers/default.py: 18
[2016-10-08 16:50:02] EDIT a5s/controllers/default.py: 0
[2016-10-08 16:51:41] EDIT a5s/controllers/default.py: 0
[2016-10-08 17:04:32] EDIT a5s/controllers/default.py: 0
[2016-10-08 22:27:35] EDIT a5s/controllers/default.py: 1
[2016-10-08 22:28:04] EDIT a5s/controllers/default.py: -1
[2016-10-08 22:28:19] EDIT a5s/controllers/default.py: 0
[2016-10-08 23:05:16] EDIT a5s/controllers/default.py: 1
[2016-10-08 23:06:05] EDIT a5s/controllers/default.py: -1
[2016-10-08 23:09:45] EDIT a5s/controllers/default.py: 1
[2016-10-08 23:18:03] EDIT a5s/controllers/default.py: 0
[2016-10-08 23:18:15] EDIT a5s/controllers/default.py: 0
[2016-10-08 23:20:41] EDIT a5s/controllers/default.py: 0
[2016-10-08 23:22:51] EDIT a5s/controllers/default.py: 0
[2016-10-08 23:24:39] EDIT a5s/controllers/default.py: 0
[2016-10-09 23:42:20] EDIT a5s/controllers/default.py: -1
[2016-10-09 23:42:45] EDIT a5s/controllers/default.py: 0
[2016-10-09 23:43:06] EDIT a5s/controllers/appadmin.py: 0
[2016-10-09 23:46:29] EDIT a5s/controllers/default.py: -1
[2016-10-09 23:49:18] EDIT a5s/models/db.py: 1
[2016-10-09 23:49:30] EDIT a5s/models/db.py: 0
[2016-10-09 23:49:37] EDIT a5s/controllers/default.py: 1
[2016-10-09 23:53:30] EDIT a5s/models/db.py: 0
[2016-10-09 23:54:02] EDIT a5s/controllers/default.py: 0
[2016-10-09 23:58:23] EDIT a5s/controllers/appadmin.py: 0
[2016-10-09 23:59:19] EDIT a5s/controllers/default.py: 0
[2016-10-10 00:01:34] EDIT a5s/views/default/user.html: 0
[2016-10-10 00:01:45] EDIT a5s/controllers/default.py: 1
[2016-10-10 00:14:07] EDIT a5s/controllers/default.py: -2
[2016-10-10 00:14:13] EDIT a5s/models/db.py: -1
[2016-10-10 13:29:16] EDIT a5s/controllers/default.py: 0
[2016-10-10 13:58:31] EDIT a5s/controllers/default.py: 0
[2016-10-10 13:58:45] EDIT a5s/controllers/default.py: 0
[2016-10-10 13:59:18] EDIT a5s/controllers/default.py: 0
[2016-10-10 14:00:43] EDIT a5s/controllers/default.py: 0
[2016-10-10 14:00:48] EDIT a5s/controllers/default.py: 0
[2016-10-10 14:03:21] EDIT a5s/controllers/default.py: 0
[2016-10-10 14:06:37] EDIT a5s/controllers/default.py: 0
[2016-10-10 17:47:59] EDIT a5s/controllers/default.py: 0
[2016-10-10 17:50:13] EDIT a5s/controllers/default.py: 0
[2016-10-10 17:51:12] EDIT a5s/controllers/default.py: 0
[2016-10-10 17:54:11] EDIT a5s/controllers/default.py: 0
[2016-10-10 17:54:13] EDIT a5s/controllers/default.py: 0
[2016-10-10 17:54:14] EDIT a5s/controllers/default.py: 0
[2016-10-10 18:29:41] EDIT a5s/views/default/third.html: 0
[2016-10-10 19:29:49] EDIT a5s/controllers/default.py: 0
[2016-10-10 19:29:51] EDIT a5s/controllers/default.py: 0
[2016-10-11 14:18:38] EDIT a5s/controllers/default.py: -13
[2016-10-13 10:59:46] EDIT rex/controllers/default.py: -6
[2016-10-13 11:12:31] EDIT rex/controllers/default.py: 0
[2016-10-13 11:14:03] EDIT rex/controllers/default.py: 1
[2016-10-13 11:16:13] EDIT rex/controllers/default.py: -1
[2016-10-13 11:17:27] EDIT rex/controllers/default.py: 0
[2016-10-13 11:17:32] EDIT rex/controllers/default.py: 0
[2016-10-13 11:21:18] EDIT rex/controllers/default.py: 0
[2016-10-13 11:21:42] EDIT rex/controllers/default.py: 1
[2016-10-13 11:21:57] EDIT rex/controllers/default.py: 1
[2016-10-13 11:22:34] EDIT rex/controllers/default.py: 0
[2016-10-13 11:23:04] EDIT rex/controllers/default.py: 0
[2016-10-13 11:24:17] EDIT rex/controllers/default.py: 0
[2016-10-13 11:26:46] EDIT rex/controllers/default.py: 0
[2016-10-13 11:30:10] EDIT rex/controllers/default.py: 1
[2016-10-13 11:32:20] EDIT rex/controllers/default.py: 1
[2016-10-13 11:32:49] EDIT rex/controllers/default.py: -1
[2016-10-13 11:33:16] EDIT rex/controllers/default.py: 1
[2016-10-14 14:21:58] EDIT rex/controllers/default.py: 0
[2016-10-14 14:22:17] EDIT rex/controllers/default.py: 0
[2016-10-14 14:22:47] EDIT rex/controllers/default.py: 0
[2016-10-14 14:36:03] EDIT rex/controllers/default.py: 0
[2016-10-14 14:39:32] EDIT rex/controllers/default.py: 0
[2016-10-14 14:53:12] EDIT rex/controllers/default.py: 0
[2016-10-14 14:53:14] EDIT rex/controllers/default.py: 0
[2016-10-14 14:53:18] EDIT rex/controllers/default.py: 0
[2016-10-14 14:53:28] EDIT rex/controllers/default.py: 0
[2016-10-14 14:55:52] EDIT rex/controllers/default.py: 0
[2016-10-14 14:57:49] EDIT rex/controllers/default.py: 0
[2016-10-14 15:04:16] EDIT rex/controllers/default.py: 0
[2016-10-14 15:06:38] EDIT rex/controllers/default.py: 0
[2016-10-14 15:11:27] EDIT rex/controllers/default.py: 0
[2016-10-14 15:18:14] EDIT rex/controllers/default.py: 0
[2016-10-14 16:02:46] EDIT rex/controllers/default.py: 0
[2016-10-14 16:04:14] EDIT rex/controllers/default.py: -1
[2016-10-14 16:08:16] EDIT rex/controllers/default.py: 2
[2016-10-14 16:11:45] EDIT rex/controllers/default.py: -1
[2016-10-14 16:36:36] EDIT rex/controllers/default.py: 0
[2016-10-14 16:42:10] EDIT rex/controllers/default.py: 0
[2016-10-14 16:49:06] EDIT rex/controllers/default.py: 0
[2016-10-14 16:50:23] EDIT rex/controllers/default.py: 3
[2016-10-14 16:56:50] EDIT rex/controllers/default.py: 0
[2016-10-14 16:58:23] EDIT rex/controllers/default.py: 0
[2016-10-14 16:59:43] EDIT rex/controllers/default.py: 0
[2016-10-14 17:00:13] EDIT rex/controllers/default.py: 0
[2016-10-14 17:01:33] EDIT rex/controllers/default.py: 0
[2016-10-14 17:10:13] EDIT rex/controllers/default.py: 1
[2016-10-14 17:24:22] EDIT rex/controllers/default.py: 0
[2016-10-14 17:37:33] EDIT rex/controllers/default.py: 0
[2016-10-14 17:44:31] EDIT rex/controllers/default.py: 0
[2016-10-14 17:54:27] EDIT rex/controllers/default.py: -2
[2016-10-14 18:02:16] EDIT rex/controllers/default.py: 0
[2016-10-14 18:02:24] EDIT rex/controllers/default.py: 0
[2016-10-14 20:33:51] EDIT rex/controllers/default.py: 3
[2016-10-14 20:34:01] EDIT rex/controllers/default.py: 0
[2016-10-14 20:34:15] EDIT rex/controllers/default.py: 0
[2016-10-14 20:41:00] EDIT rex/controllers/default.py: -3
[2016-10-14 20:51:11] EDIT rex/controllers/default.py: 0
[2016-10-14 20:51:13] EDIT rex/controllers/default.py: 0
[2016-10-14 20:58:48] EDIT rex/controllers/default.py: 0
[2016-10-14 21:45:37] EDIT rex/controllers/default.py: 0
[2016-10-14 21:58:55] EDIT rex/controllers/default.py: 1
[2016-10-14 21:59:01] EDIT rex/controllers/default.py: 0
[2016-10-14 21:59:18] EDIT rex/views/default/second.html: 3
[2016-10-14 22:03:17] EDIT rex/controllers/default.py: 0
[2016-10-14 22:04:00] EDIT rex/controllers/default.py: 0
[2016-10-14 22:05:12] EDIT rex/controllers/default.py: 0
[2016-10-14 22:05:49] EDIT rex/controllers/default.py: 0
[2016-10-14 22:06:46] EDIT rex/controllers/default.py: 0
[2016-10-14 22:08:19] EDIT rex/controllers/default.py: -1
[2016-10-14 22:08:59] EDIT rex/controllers/default.py: 1
[2016-10-14 22:09:14] EDIT rex/controllers/default.py: 0
[2016-10-14 22:09:28] EDIT rex/views/default/third.html: 3
[2016-10-14 22:09:37] EDIT rex/views/default/second.html: -3
[2016-10-14 22:09:57] EDIT rex/controllers/default.py: 0
[2016-10-14 22:16:00] EDIT rex/controllers/default.py: 0
[2016-10-14 22:22:12] EDIT rex/controllers/default.py: 0
[2016-10-14 22:33:33] EDIT rex/controllers/default.py: 0
[2016-10-14 22:45:01] EDIT rex/controllers/default.py: 0
[2016-10-14 23:38:12] EDIT rex/controllers/default.py: 0
[2016-10-15 00:01:18] EDIT rex/controllers/default.py: 0
[2016-10-15 00:07:06] EDIT rex/controllers/default.py: 0
[2016-10-15 00:22:16] EDIT rex/controllers/default.py: 4
[2016-10-15 00:22:56] EDIT rex/controllers/default.py: 4
[2016-10-15 00:23:32] EDIT rex/controllers/default.py: 0
[2016-10-15 00:25:46] EDIT rex/views/default/third.html: 5
[2016-10-15 00:28:29] EDIT rex/controllers/default.py: 2
[2016-10-15 00:35:06] EDIT rex/views/default/third.html: 1
[2016-10-15 00:37:33] EDIT rex/views/default/third.html: 6
[2016-10-15 00:40:08] EDIT rex/views/default/third.html: 0
[2016-10-15 00:50:13] EDIT rex/views/default/third.html: 0
[2016-10-15 00:50:37] EDIT rex/views/default/third.html: 0
[2016-10-15 00:51:58] EDIT rex/views/default/third.html: 0
[2016-10-15 00:52:10] EDIT rex/views/default/third.html: 0
[2016-10-15 00:52:14] EDIT rex/views/default/third.html: 0
[2016-10-15 00:52:15] EDIT rex/views/default/third.html: 0
[2016-10-15 00:54:18] EDIT rex/views/default/third.html: 0
[2016-10-15 00:59:52] EDIT rex/views/default/third.html: -4
[2016-10-15 01:07:45] EDIT rex/views/default/third.html: 0
[2016-10-15 01:08:44] EDIT rex/controllers/default.py: 0
[2016-10-15 01:09:44] EDIT rex/controllers/default.py: 1
[2016-10-15 01:11:14] EDIT rex/views/default/third.html: 0
[2016-10-15 01:16:25] EDIT rex/controllers/default.py: 0
[2016-10-15 01:16:52] EDIT rex/views/default/third.html: 0
[2016-10-15 01:17:19] EDIT rex/views/default/third.html: 0
[2016-10-15 01:17:27] EDIT rex/views/default/third.html: 0
[2016-10-18 11:36:48] EDIT rex/controllers/default.py: -1
[2016-10-18 11:38:21] EDIT rex/controllers/default.py: 0
[2016-10-18 11:46:33] EDIT rex/controllers/default.py: 3
[2016-10-18 11:47:22] EDIT rex/controllers/default.py: 0
[2016-10-18 11:47:38] EDIT rex/controllers/default.py: 0
[2016-10-18 11:48:13] EDIT rex/controllers/default.py: 0
[2016-10-18 11:50:31] EDIT rex/controllers/default.py: 0
[2016-10-18 11:51:00] EDIT rex/controllers/default.py: 0
[2016-10-18 11:51:47] EDIT rex/controllers/default.py: -2
[2016-11-02 17:55:33] EDIT rex/controllers/default.py: 0
[2016-11-03 23:51:28] EDIT rex/views/default/second.html: 0
[2016-11-03 23:51:54] EDIT rex/controllers/default.py: 0
[2016-11-03 23:52:09] EDIT rex/controllers/default.py: 0
[2016-11-03 23:53:20] EDIT rex/controllers/default.py: 0
[2016-11-03 23:53:31] EDIT rex/controllers/default.py: 0
[2016-11-03 23:53:39] EDIT rex/controllers/default.py: 0
[2016-11-03 23:56:03] EDIT rex/controllers/default.py: 90
[2016-11-03 23:56:41] EDIT rex/controllers/default.py: 1
[2016-11-03 23:58:16] EDIT rex/views/default/third.html: 0
[2016-11-03 23:58:48] EDIT rex/controllers/default.py: 0
[2016-11-03 23:59:33] EDIT rex/controllers/default.py: 1
[2016-11-03 23:59:37] EDIT rex/views/default/third.html: 0
[2016-11-03 23:59:38] EDIT rex/views/default/second.html: 0
[2016-11-04 00:01:27] EDIT rex/views/default/third.html: 0
[2016-11-04 00:01:58] EDIT rex/views/default/third.html: 0
[2016-11-04 00:02:18] EDIT rex/views/default/third.html: 0
[2016-11-04 00:04:43] DELETE rex/views/default/third.html.1: -22
[2016-11-04 00:05:59] EDIT rex/views/default/third.html: 0
[2016-11-04 00:06:13] EDIT rex/views/default/second.html: 0
[2016-11-04 00:07:04] EDIT rex/views/default/third.html: -6
[2016-11-04 00:09:50] EDIT rex/controllers/default.py: 0
[2016-11-04 00:10:45] EDIT rex/controllers/default.py: 0
[2016-11-04 00:11:10] EDIT rex/controllers/default.py: 0
[2016-11-04 00:11:14] EDIT rex/controllers/default.py: 0
[2016-11-04 00:13:31] EDIT rex/controllers/default.py: 0
[2016-11-04 00:13:41] EDIT rex/controllers/default.py: 0
[2016-11-05 12:52:30] EDIT rex/controllers/default.py: 2
[2016-11-05 13:22:59] EDIT rex/controllers/default.py: 2
[2016-11-05 13:25:42] EDIT rex/controllers/default.py: 2
[2016-11-05 13:26:44] EDIT rex/controllers/default.py: 2
[2016-11-05 13:27:42] EDIT rex/controllers/default.py: 1
[2016-11-05 13:27:46] EDIT rex/controllers/default.py: 0
[2016-11-05 13:28:22] EDIT rex/controllers/default.py: 0
[2016-11-05 13:28:35] EDIT rex/controllers/default.py: 0
[2016-11-05 13:29:17] EDIT rex/controllers/default.py: 0
[2016-11-05 13:29:42] EDIT rex/controllers/default.py: 0
[2016-11-05 13:32:13] EDIT rex/controllers/default.py: 12
[2016-11-05 13:32:35] EDIT rex/controllers/default.py: 0
[2016-11-05 13:32:58] EDIT rex/controllers/default.py: 0
[2016-11-05 13:33:12] EDIT rex/controllers/default.py: 0
[2016-11-05 13:49:40] EDIT rex/controllers/default.py: 0
[2016-11-05 13:50:30] EDIT rex/controllers/default.py: 1
[2016-11-05 13:51:24] EDIT rex/controllers/default.py: 1
[2016-11-05 13:52:08] EDIT rex/controllers/default.py: 1
[2016-11-05 13:54:16] EDIT rex/controllers/default.py: 1
[2016-11-05 13:54:24] EDIT rex/controllers/default.py: 0
[2016-11-05 13:55:02] EDIT rex/controllers/default.py: 0
[2016-11-05 13:58:19] EDIT rex/controllers/default.py: 26
[2016-11-05 13:58:32] EDIT rex/controllers/default.py: 0
[2016-11-05 13:59:19] EDIT rex/controllers/default.py: 0
[2016-11-05 14:02:44] EDIT rex/controllers/default.py: 0
[2016-11-05 14:03:02] EDIT rex/controllers/default.py: 0
[2016-11-05 14:04:30] EDIT rex/controllers/default.py: 1
[2016-11-05 14:04:48] EDIT rex/controllers/default.py: 1
[2016-11-05 14:04:52] EDIT rex/controllers/default.py: 0
[2016-11-05 14:04:56] EDIT rex/controllers/default.py: 0
[2016-11-05 14:05:15] EDIT rex/controllers/default.py: 0
[2016-11-05 14:05:52] EDIT rex/controllers/default.py: -3
[2016-11-05 14:06:09] EDIT rex/views/default/third.html: 1
[2016-11-05 14:06:18] EDIT rex/views/default/third.html: 1
[2016-11-05 14:06:33] EDIT rex/controllers/default.py: -2
[2016-11-05 14:07:51] EDIT rex/controllers/default.py: 0
[2016-11-05 14:08:14] EDIT rex/controllers/default.py: 0
[2016-11-05 14:09:21] EDIT rex/controllers/default.py: 0
[2016-11-05 14:09:56] EDIT rex/views/default/third.html: 1
[2016-11-05 14:10:14] EDIT rex/views/default/third.html: 1
[2016-11-05 14:12:30] EDIT rex/views/default/third.html: 0
[2016-11-05 14:14:07] EDIT rex/views/default/second.html: 0
[2016-11-05 14:15:00] EDIT rex/views/default/third.html: 0
[2016-11-05 14:27:25] EDIT rex/views/default/third.html: 0
[2016-11-07 14:14:53] CREATE custom.js: 0
[2016-11-07 14:15:41] EDIT rex/static/custom.js: 21
[2016-11-07 14:16:00] CREATE Core.js: 0
[2016-11-07 14:16:03] EDIT rex/static/Core.js: 66
[2016-11-07 14:16:59] CREATE jquery-sugar-vue-core.js: 0
[2016-11-07 14:17:07] EDIT rex/static/jquery-sugar-vue-core.js: 225
[2016-11-07 14:18:22] EDIT rex/views/default/third.html: 5
[2016-11-07 14:20:08] EDIT rex/views/default/third.html: 2
[2016-11-07 14:20:39] EDIT rex/static/custom.js: 0
[2016-11-07 14:20:59] EDIT rex/static/custom.js: 0
[2016-11-07 14:24:07] EDIT rex/views/default/third.html: 0
[2016-11-07 14:26:28] EDIT rex/views/default/third.html: 0
[2016-11-07 14:30:02] EDIT rex/views/default/third.html: 0
[2016-11-07 14:30:27] EDIT rex/views/default/third.html: 2
[2016-11-07 14:30:55] EDIT rex/views/default/third.html: 1
[2016-11-07 14:31:08] EDIT rex/views/default/third.html: 1
[2016-11-07 14:32:16] EDIT rex/views/default/third.html: 0
[2016-11-07 14:45:12] CREATE js/vue.min.js: 0
[2016-11-07 14:45:16] EDIT rex/static/js/vue.min.js: 9
[2016-11-07 14:48:17] EDIT rex/views/default/third.html: 0
[2016-11-07 14:51:57] EDIT rex/views/default/third.html: 0
[2016-11-07 14:52:08] EDIT rex/views/default/third.html: 0
[2016-11-07 14:53:04] EDIT rex/views/default/third.html: 0
[2016-11-07 14:53:56] EDIT rex/views/default/third.html: 0
[2016-11-21 19:14:36] EDIT rex/views/default/third.html: 0
[2016-11-21 19:16:48] EDIT rex/views/default/third.html: 1
[2016-11-21 19:17:46] EDIT rex/views/default/third.html: 0
[2016-11-21 19:18:02] EDIT rex/views/default/third.html: 1
[2016-11-21 19:19:26] EDIT rex/views/default/third.html: 0
[2016-11-21 19:19:41] EDIT rex/views/default/third.html: 0
[2016-11-21 19:20:44] EDIT rex/views/default/third.html: 0
[2016-11-21 19:20:51] EDIT rex/views/default/third.html: 0
[2016-11-21 19:23:42] EDIT rex/controllers/default.py: 1
[2016-11-21 19:23:57] EDIT rex/controllers/default.py: 0
[2016-11-21 19:24:20] EDIT rex/controllers/default.py: 0
[2016-11-21 19:24:34] EDIT rex/views/default/third.html: 0
[2016-11-21 19:24:49] EDIT rex/views/default/third.html: 0
[2016-11-21 19:25:07] EDIT rex/views/default/third.html: 0
[2016-11-21 19:28:17] EDIT rex/views/default/third.html: 0
[2016-11-21 19:31:21] EDIT rex/views/default/third.html: 6
[2016-11-21 19:32:29] EDIT rex/views/default/third.html: 0
[2016-11-21 19:32:57] EDIT rex/views/default/third.html: 0
[2016-11-21 19:33:37] EDIT rex/views/default/third.html: 0
[2016-11-21 19:33:48] EDIT rex/views/default/third.html: 0
[2016-11-21 19:34:46] EDIT rex/views/default/third.html: 0
[2016-11-21 19:35:26] EDIT rex/views/default/second.html: 0
[2016-11-21 19:36:28] EDIT rex/views/default/third.html: 0
[2016-11-21 19:36:39] EDIT rex/views/default/third.html: 0
[2016-11-21 19:38:07] EDIT rex/views/default/third.html: 0
[2016-11-21 19:38:28] EDIT rex/views/default/second.html: 0
[2016-11-21 19:38:59] EDIT rex/views/default/third.html: 0
[2016-11-21 19:39:15] EDIT rex/views/default/third.html: 0
[2016-11-21 19:39:51] EDIT rex/views/default/third.html: 0
[2016-11-21 19:40:16] EDIT rex/views/default/third.html: 0
[2016-11-21 19:40:19] EDIT rex/views/default/third.html: -1
[2016-11-21 19:40:59] EDIT rex/views/default/third.html: 0
[2016-11-21 19:42:18] EDIT rex/views/default/third.html: 0
[2016-11-21 19:43:28] EDIT rex/views/default/third.html: 2
[2016-11-21 19:51:09] EDIT rex/views/default/third.html: 2
[2016-11-21 19:51:14] EDIT rex/views/default/third.html: 0
[2016-11-21 19:51:34] EDIT rex/views/default/third.html: 0
[2016-11-21 19:52:11] EDIT rex/views/default/second.html: 1
[2016-11-21 19:52:22] EDIT rex/views/default/second.html: 1
[2016-11-21 19:52:35] EDIT rex/views/default/third.html: 0
[2016-11-21 19:52:38] EDIT rex/views/default/third.html: 0
[2016-11-21 19:52:56] EDIT rex/views/default/third.html: 0
[2016-11-21 19:53:08] EDIT rex/views/default/third.html: 0
[2016-11-21 19:53:49] EDIT rex/views/default/third.html: 0
[2016-11-21 19:54:34] EDIT rex/views/default/third.html: 2
[2016-11-21 20:16:54] EDIT rex/views/default/third.html: 2
[2016-11-21 20:18:04] EDIT rex/views/default/third.html: -2
[2016-11-21 20:38:30] EDIT rex/views/default/third.html: 0
[2016-11-21 20:39:54] EDIT rex/views/default/third.html: 0
[2016-11-22 10:40:30] EDIT rex/views/default/third.html: 0
[2016-11-22 11:45:36] EDIT rex/views/default/third.html: 0
[2016-11-24 15:53:25] EDIT rex/controllers/default.py: 4
[2016-11-24 15:55:19] EDIT rex/controllers/default.py: 1
[2016-11-24 15:56:07] EDIT rex/controllers/default.py: 0
[2016-11-24 15:56:47] EDIT rex/controllers/default.py: 0
[2016-11-24 16:08:29] EDIT rex/controllers/default.py: -1
[2016-11-24 16:08:56] EDIT rex/controllers/default.py: 1
[2016-11-27 18:13:42] EDIT rex/controllers/default.py: 0
[2016-11-27 18:16:09] EDIT rex/controllers/default.py: 0
[2016-11-27 19:51:37] EDIT rex/controllers/default.py: 13
[2016-11-27 19:52:17] EDIT rex/controllers/default.py: 0
[2016-11-27 19:52:59] EDIT rex/modules/mathmodels.py: 0
[2016-11-27 19:53:02] EDIT rex/modules/mathmodels.py: 0
[2016-11-27 19:53:25] EDIT rex/modules/mathmodels.py: 1
[2016-11-27 19:54:20] EDIT rex/modules/mathmodels.py: 1
[2016-11-27 19:54:57] CREATE default/second_half.html: 0
[2016-11-27 19:55:09] EDIT rex/controllers/default.py: 0
[2016-11-27 19:55:51] EDIT rex/views/default/second_half.html: 8
[2016-11-27 19:56:18] EDIT rex/controllers/default.py: 0
[2016-11-27 19:56:21] EDIT rex/controllers/default.py: 0
[2016-11-27 19:56:46] EDIT rex/controllers/default.py: 5
[2016-11-27 19:56:48] EDIT rex/controllers/default.py: 0
[2016-11-27 19:58:49] EDIT rex/controllers/default.py: 0
[2016-11-27 20:02:26] EDIT rex/views/default/second_half.html: 0
[2016-11-27 21:16:45] EDIT rex/modules/mathmodels.py: 0
[2016-11-27 21:16:55] EDIT rex/modules/mathmodels.py: 0
[2016-11-27 21:17:51] EDIT rex/modules/mathmodels.py: -2
[2016-11-27 21:27:12] EDIT rex/modules/mathmodels.py: -4
[2016-11-27 21:27:16] EDIT rex/modules/mathmodels.py: -2
[2016-11-27 21:28:05] EDIT rex/controllers/default.py: 0
[2016-11-27 21:37:13] EDIT rex/modules/mathmodels.py: 0
[2016-11-27 21:40:45] EDIT rex/modules/mathmodels.py: 0
[2016-11-28 03:24:09] EDIT rex/controllers/default.py: 1
[2016-11-28 03:24:17] EDIT rex/controllers/default.py: 0
[2016-11-28 03:25:05] EDIT rex/controllers/default.py: 0
[2016-11-28 03:39:08] EDIT rex/controllers/default.py: -1
[2016-11-28 03:40:44] EDIT rex/controllers/default.py: 0
[2016-11-28 03:45:42] EDIT rex/modules/mathmodels.py: 0
[2016-11-28 03:46:09] EDIT rex/modules/mathmodels.py: 0
[2016-11-28 03:46:40] EDIT rex/controllers/default.py: 0
[2016-11-28 03:47:04] EDIT rex/modules/mathmodels.py: 0
[2016-11-28 03:52:20] EDIT rex/controllers/default.py: 0
[2016-11-28 03:53:37] EDIT rex/controllers/default.py: 0
[2016-11-28 03:53:52] EDIT rex/controllers/default.py: 0
[2016-11-28 03:54:43] EDIT rex/controllers/default.py: 0
[2016-11-28 03:54:47] EDIT rex/controllers/default.py: 0
[2016-11-28 03:55:37] EDIT rex/controllers/default.py: 0
[2016-11-28 03:55:50] EDIT rex/controllers/default.py: 1
[2016-11-28 03:56:46] EDIT rex/controllers/default.py: 0
[2016-11-28 03:58:18] EDIT rex/controllers/default.py: 0
[2016-11-28 03:58:45] EDIT rex/controllers/default.py: 0
[2016-11-28 03:59:02] EDIT rex/modules/mathmodels.py: 0
[2016-11-28 03:59:32] EDIT rex/modules/mathmodels.py: 0
[2016-11-28 04:01:01] EDIT rex/modules/mathmodels.py: 0
[2016-11-28 04:01:07] EDIT rex/modules/mathmodels.py: 0
[2016-11-28 04:03:28] EDIT rex/controllers/default.py: 0
[2016-11-28 04:03:37] EDIT rex/controllers/default.py: -1
[2016-11-28 04:17:02] EDIT rex/modules/mathmodels.py: 1
[2016-11-28 04:17:21] EDIT rex/modules/mathmodels.py: 0
[2016-11-28 04:19:53] EDIT rex/controllers/default.py: 1
[2016-11-28 04:21:24] EDIT rex/controllers/default.py: 0
[2016-11-28 04:23:28] EDIT rex/modules/mathmodels.py: 0
[2016-11-28 04:24:33] EDIT rex/modules/mathmodels.py: 0
[2016-11-28 04:26:23] EDIT rex/modules/mathmodels.py: 1
